[2.023s] Invoking command in '/home/zeelb/autonomous-exploration/ros2_ws/build/examples_rclpy_minimal_action_server': PYTHONPATH=/home/zeelb/autonomous-exploration/ros2_ws/build/examples_rclpy_minimal_action_server/prefix_override:/home/zeelb/autonomous-exploration/ros2_ws/install/examples_rclpy_minimal_action_server/lib/python3.6/site-packages:${PYTHONPATH} /usr/bin/python3 setup.py develop --editable --build-directory /home/zeelb/autonomous-exploration/ros2_ws/build/examples_rclpy_minimal_action_server/build --no-deps install_data
[2.421s] /home/zeelb/.local/lib/python3.6/site-packages/setuptools/dist.py:726: UserWarning: Usage of dash-separated 'script-dir' will not be supported in future versions. Please use the underscore name 'script_dir' instead
[2.421s]   % (opt, underscore_opt)
[2.498s] running develop
[2.499s] /home/zeelb/.local/lib/python3.6/site-packages/setuptools/command/easy_install.py:159: EasyInstallDeprecationWarning: easy_install command is deprecated. Use build and pip and other standards-based tools.
[2.499s]   EasyInstallDeprecationWarning,
[2.500s] /home/zeelb/.local/lib/python3.6/site-packages/setuptools/command/install.py:37: SetuptoolsDeprecationWarning: setup.py install is deprecated. Use build and pip and other standards-based tools.
[2.501s]   setuptools.SetuptoolsDeprecationWarning,
[2.582s] /home/zeelb/.local/lib/python3.6/site-packages/pkg_resources/__init__.py:119: PkgResourcesDeprecationWarning: 0.18ubuntu0.18.04.1 is an invalid version and will not be supported in a future release
[2.582s]   PkgResourcesDeprecationWarning,
[2.735s] running egg_info
[2.735s] creating examples_rclpy_minimal_action_server.egg-info
[2.735s] writing examples_rclpy_minimal_action_server.egg-info/PKG-INFO
[2.735s] writing dependency_links to examples_rclpy_minimal_action_server.egg-info/dependency_links.txt
[2.736s] writing entry points to examples_rclpy_minimal_action_server.egg-info/entry_points.txt
[2.736s] writing requirements to examples_rclpy_minimal_action_server.egg-info/requires.txt
[2.736s] writing top-level names to examples_rclpy_minimal_action_server.egg-info/top_level.txt
[2.736s] writing manifest file 'examples_rclpy_minimal_action_server.egg-info/SOURCES.txt'
[2.739s] reading manifest file 'examples_rclpy_minimal_action_server.egg-info/SOURCES.txt'
[2.739s] writing manifest file 'examples_rclpy_minimal_action_server.egg-info/SOURCES.txt'
[2.741s] running build_ext
[2.741s] Creating /home/zeelb/autonomous-exploration/ros2_ws/install/examples_rclpy_minimal_action_server/lib/python3.6/site-packages/examples-rclpy-minimal-action-server.egg-link (link to .)
[2.742s] Installing server script to /home/zeelb/autonomous-exploration/ros2_ws/install/examples_rclpy_minimal_action_server/lib/examples_rclpy_minimal_action_server
[2.743s] Installing server_defer script to /home/zeelb/autonomous-exploration/ros2_ws/install/examples_rclpy_minimal_action_server/lib/examples_rclpy_minimal_action_server
[2.743s] Installing server_not_composable script to /home/zeelb/autonomous-exploration/ros2_ws/install/examples_rclpy_minimal_action_server/lib/examples_rclpy_minimal_action_server
[2.743s] Installing server_queue_goals script to /home/zeelb/autonomous-exploration/ros2_ws/install/examples_rclpy_minimal_action_server/lib/examples_rclpy_minimal_action_server
[2.743s] Installing server_single_goal script to /home/zeelb/autonomous-exploration/ros2_ws/install/examples_rclpy_minimal_action_server/lib/examples_rclpy_minimal_action_server
[2.743s] 
[2.743s] Installed /home/zeelb/autonomous-exploration/ros2_ws/build/examples_rclpy_minimal_action_server
[2.744s] running install_data
[2.744s] creating /home/zeelb/autonomous-exploration/ros2_ws/install/examples_rclpy_minimal_action_server/share/ament_index
[2.744s] creating /home/zeelb/autonomous-exploration/ros2_ws/install/examples_rclpy_minimal_action_server/share/ament_index/resource_index
[2.744s] creating /home/zeelb/autonomous-exploration/ros2_ws/install/examples_rclpy_minimal_action_server/share/ament_index/resource_index/packages
[2.744s] copying resource/examples_rclpy_minimal_action_server -> /home/zeelb/autonomous-exploration/ros2_ws/install/examples_rclpy_minimal_action_server/share/ament_index/resource_index/packages
[2.744s] copying package.xml -> /home/zeelb/autonomous-exploration/ros2_ws/install/examples_rclpy_minimal_action_server/share/examples_rclpy_minimal_action_server
[2.855s] Invoked command in '/home/zeelb/autonomous-exploration/ros2_ws/build/examples_rclpy_minimal_action_server' returned '0': PYTHONPATH=/home/zeelb/autonomous-exploration/ros2_ws/build/examples_rclpy_minimal_action_server/prefix_override:/home/zeelb/autonomous-exploration/ros2_ws/install/examples_rclpy_minimal_action_server/lib/python3.6/site-packages:${PYTHONPATH} /usr/bin/python3 setup.py develop --editable --build-directory /home/zeelb/autonomous-exploration/ros2_ws/build/examples_rclpy_minimal_action_server/build --no-deps install_data
