[0.075s] Invoking command in '/home/zeelb/autonomous-exploration/ros2_ws/build/examples_rclcpp_minimal_action_server': CMAKE_PREFIX_PATH=/opt/ros/dashing /usr/bin/cmake /home/zeelb/autonomous-exploration/ros2_ws/src/examples/rclcpp/actions/minimal_action_server -DAMENT_CMAKE_SYMLINK_INSTALL=1 -DCMAKE_INSTALL_PREFIX=/home/zeelb/autonomous-exploration/ros2_ws/install/examples_rclcpp_minimal_action_server
[1.385s] -- The C compiler identification is GNU 7.5.0
[1.385s] -- The CXX compiler identification is GNU 7.5.0
[1.385s] -- Check for working C compiler: /usr/bin/cc
[1.385s] -- Check for working C compiler: /usr/bin/cc -- works
[1.385s] -- Detecting C compiler ABI info
[1.386s] -- Detecting C compiler ABI info - done
[1.386s] -- Detecting C compile features
[1.387s] -- Detecting C compile features - done
[1.387s] -- Check for working CXX compiler: /usr/bin/c++
[1.388s] -- Check for working CXX compiler: /usr/bin/c++ -- works
[1.388s] -- Detecting CXX compiler ABI info
[1.388s] -- Detecting CXX compiler ABI info - done
[1.388s] -- Detecting CXX compile features
[1.467s] -- Detecting CXX compile features - done
[1.468s] -- Found ament_cmake: 0.7.6 (/opt/ros/dashing/share/ament_cmake/cmake)
[1.511s] -- Found PythonInterp: /usr/bin/python3 (found suitable version "3.6.9", minimum required is "3") 
[1.511s] -- Using PYTHON_EXECUTABLE: /usr/bin/python3
[1.868s] -- Override CMake install command with custom implementation using symlinks instead of copying resources
[1.891s] -- Found example_interfaces: 0.7.1 (/opt/ros/dashing/share/example_interfaces/cmake)
[1.913s] -- Found rosidl_adapter: 0.7.10 (/opt/ros/dashing/share/rosidl_adapter/cmake)
[1.992s] -- Found rclcpp: 0.7.16 (/opt/ros/dashing/share/rclcpp/cmake)
[2.009s] -- Found rmw_implementation_cmake: 0.7.2 (/opt/ros/dashing/share/rmw_implementation_cmake/cmake)
[2.012s] -- Using RMW implementation 'rmw_fastrtps_cpp' as default
[2.013s] -- Looking for pthread.h
[2.129s] -- Looking for pthread.h - found
[2.129s] -- Looking for pthread_create
[2.241s] -- Looking for pthread_create - not found
[2.242s] -- Looking for pthread_create in pthreads
[2.334s] -- Looking for pthread_create in pthreads - not found
[2.334s] -- Looking for pthread_create in pthread
[2.440s] -- Looking for pthread_create in pthread - found
[2.443s] -- Found Threads: TRUE  
[2.488s] -- Found rclcpp_action: 0.7.16 (/opt/ros/dashing/share/rclcpp_action/cmake)
[2.689s] -- Found ament_lint_auto: 0.7.12 (/opt/ros/dashing/share/ament_lint_auto/cmake)
[2.861s] -- Added test 'copyright' to check for copyright in CMake / C / C++ / Python code
[2.862s] -- Added test 'cppcheck' to perform static code analysis on C / C++ code
[2.862s] -- Configured cppcheck include dirs: 
[2.863s] -- Added test 'cpplint' to check C / C++ code against the Google style
[2.864s] -- Added test 'lint_cmake' to check CMake code style
[2.865s] -- Added test 'uncrustify' to check C / C++ code style
[2.866s] -- Added test 'xmllint' to check XML markup files
[2.870s] -- Configuring done
[2.919s] -- Generating done
[2.920s] -- Build files have been written to: /home/zeelb/autonomous-exploration/ros2_ws/build/examples_rclcpp_minimal_action_server
[3.000s] Invoked command in '/home/zeelb/autonomous-exploration/ros2_ws/build/examples_rclcpp_minimal_action_server' returned '0': CMAKE_PREFIX_PATH=/opt/ros/dashing /usr/bin/cmake /home/zeelb/autonomous-exploration/ros2_ws/src/examples/rclcpp/actions/minimal_action_server -DAMENT_CMAKE_SYMLINK_INSTALL=1 -DCMAKE_INSTALL_PREFIX=/home/zeelb/autonomous-exploration/ros2_ws/install/examples_rclcpp_minimal_action_server
[3.005s] Invoking command in '/home/zeelb/autonomous-exploration/ros2_ws/build/examples_rclcpp_minimal_action_server': CMAKE_PREFIX_PATH=/opt/ros/dashing /usr/bin/cmake --build /home/zeelb/autonomous-exploration/ros2_ws/build/examples_rclcpp_minimal_action_server -- -j12 -l12
[4.519s] [35m[1mScanning dependencies of target action_server_member_functions[0m
[4.519s] [35m[1mScanning dependencies of target action_server_not_composable[0m
[4.520s] [ 25%] [32mBuilding CXX object CMakeFiles/action_server_not_composable.dir/not_composable.cpp.o[0m
[4.520s] [ 50%] [32mBuilding CXX object CMakeFiles/action_server_member_functions.dir/member_functions.cpp.o[0m
[7.380s] [ 75%] [32m[1mLinking CXX executable action_server_not_composable[0m
[7.489s] [100%] [32m[1mLinking CXX executable action_server_member_functions[0m
[7.609s] [100%] Built target action_server_not_composable
[7.744s] [100%] Built target action_server_member_functions
