/home/zeelb/.local/lib/python3.6/site-packages/setuptools/dist.py:726: UserWarning: Usage of dash-separated 'script-dir' will not be supported in future versions. Please use the underscore name 'script_dir' instead
  % (opt, underscore_opt)
running develop
/home/zeelb/.local/lib/python3.6/site-packages/setuptools/command/easy_install.py:159: EasyInstallDeprecationWarning: easy_install command is deprecated. Use build and pip and other standards-based tools.
  EasyInstallDeprecationWarning,
/home/zeelb/.local/lib/python3.6/site-packages/setuptools/command/install.py:37: SetuptoolsDeprecationWarning: setup.py install is deprecated. Use build and pip and other standards-based tools.
  setuptools.SetuptoolsDeprecationWarning,
/home/zeelb/.local/lib/python3.6/site-packages/pkg_resources/__init__.py:119: PkgResourcesDeprecationWarning: 0.18ubuntu0.18.04.1 is an invalid version and will not be supported in a future release
  PkgResourcesDeprecationWarning,
running egg_info
creating examples_rclpy_executors.egg-info
writing examples_rclpy_executors.egg-info/PKG-INFO
writing dependency_links to examples_rclpy_executors.egg-info/dependency_links.txt
writing entry points to examples_rclpy_executors.egg-info/entry_points.txt
writing requirements to examples_rclpy_executors.egg-info/requires.txt
writing top-level names to examples_rclpy_executors.egg-info/top_level.txt
writing manifest file 'examples_rclpy_executors.egg-info/SOURCES.txt'
reading manifest file 'examples_rclpy_executors.egg-info/SOURCES.txt'
writing manifest file 'examples_rclpy_executors.egg-info/SOURCES.txt'
running build_ext
Creating /home/zeelb/autonomous-exploration/ros2_ws/install/examples_rclpy_executors/lib/python3.6/site-packages/examples-rclpy-executors.egg-link (link to .)
Installing callback_group script to /home/zeelb/autonomous-exploration/ros2_ws/install/examples_rclpy_executors/lib/examples_rclpy_executors
Installing composed script to /home/zeelb/autonomous-exploration/ros2_ws/install/examples_rclpy_executors/lib/examples_rclpy_executors
Installing custom_callback_group script to /home/zeelb/autonomous-exploration/ros2_ws/install/examples_rclpy_executors/lib/examples_rclpy_executors
Installing custom_executor script to /home/zeelb/autonomous-exploration/ros2_ws/install/examples_rclpy_executors/lib/examples_rclpy_executors
Installing listener script to /home/zeelb/autonomous-exploration/ros2_ws/install/examples_rclpy_executors/lib/examples_rclpy_executors
Installing talker script to /home/zeelb/autonomous-exploration/ros2_ws/install/examples_rclpy_executors/lib/examples_rclpy_executors

Installed /home/zeelb/autonomous-exploration/ros2_ws/build/examples_rclpy_executors
running install_data
creating /home/zeelb/autonomous-exploration/ros2_ws/install/examples_rclpy_executors/share/ament_index
creating /home/zeelb/autonomous-exploration/ros2_ws/install/examples_rclpy_executors/share/ament_index/resource_index
creating /home/zeelb/autonomous-exploration/ros2_ws/install/examples_rclpy_executors/share/ament_index/resource_index/packages
copying resource/examples_rclpy_executors -> /home/zeelb/autonomous-exploration/ros2_ws/install/examples_rclpy_executors/share/ament_index/resource_index/packages
copying package.xml -> /home/zeelb/autonomous-exploration/ros2_ws/install/examples_rclpy_executors/share/examples_rclpy_executors
