[2.024s] Invoking command in '/home/zeelb/autonomous-exploration/ros2_ws/build/examples_rclpy_executors': PYTHONPATH=/home/zeelb/autonomous-exploration/ros2_ws/build/examples_rclpy_executors/prefix_override:/home/zeelb/autonomous-exploration/ros2_ws/install/examples_rclpy_executors/lib/python3.6/site-packages:${PYTHONPATH} /usr/bin/python3 setup.py develop --editable --build-directory /home/zeelb/autonomous-exploration/ros2_ws/build/examples_rclpy_executors/build --no-deps install_data
[2.417s] /home/zeelb/.local/lib/python3.6/site-packages/setuptools/dist.py:726: UserWarning: Usage of dash-separated 'script-dir' will not be supported in future versions. Please use the underscore name 'script_dir' instead
[2.418s]   % (opt, underscore_opt)
[2.491s] running develop
[2.492s] /home/zeelb/.local/lib/python3.6/site-packages/setuptools/command/easy_install.py:159: EasyInstallDeprecationWarning: easy_install command is deprecated. Use build and pip and other standards-based tools.
[2.492s]   EasyInstallDeprecationWarning,
[2.494s] /home/zeelb/.local/lib/python3.6/site-packages/setuptools/command/install.py:37: SetuptoolsDeprecationWarning: setup.py install is deprecated. Use build and pip and other standards-based tools.
[2.494s]   setuptools.SetuptoolsDeprecationWarning,
[2.573s] /home/zeelb/.local/lib/python3.6/site-packages/pkg_resources/__init__.py:119: PkgResourcesDeprecationWarning: 0.18ubuntu0.18.04.1 is an invalid version and will not be supported in a future release
[2.573s]   PkgResourcesDeprecationWarning,
[2.714s] running egg_info
[2.714s] creating examples_rclpy_executors.egg-info
[2.715s] writing examples_rclpy_executors.egg-info/PKG-INFO
[2.715s] writing dependency_links to examples_rclpy_executors.egg-info/dependency_links.txt
[2.716s] writing entry points to examples_rclpy_executors.egg-info/entry_points.txt
[2.717s] writing requirements to examples_rclpy_executors.egg-info/requires.txt
[2.717s] writing top-level names to examples_rclpy_executors.egg-info/top_level.txt
[2.717s] writing manifest file 'examples_rclpy_executors.egg-info/SOURCES.txt'
[2.717s] reading manifest file 'examples_rclpy_executors.egg-info/SOURCES.txt'
[2.717s] writing manifest file 'examples_rclpy_executors.egg-info/SOURCES.txt'
[2.718s] running build_ext
[2.718s] Creating /home/zeelb/autonomous-exploration/ros2_ws/install/examples_rclpy_executors/lib/python3.6/site-packages/examples-rclpy-executors.egg-link (link to .)
[2.720s] Installing callback_group script to /home/zeelb/autonomous-exploration/ros2_ws/install/examples_rclpy_executors/lib/examples_rclpy_executors
[2.721s] Installing composed script to /home/zeelb/autonomous-exploration/ros2_ws/install/examples_rclpy_executors/lib/examples_rclpy_executors
[2.721s] Installing custom_callback_group script to /home/zeelb/autonomous-exploration/ros2_ws/install/examples_rclpy_executors/lib/examples_rclpy_executors
[2.721s] Installing custom_executor script to /home/zeelb/autonomous-exploration/ros2_ws/install/examples_rclpy_executors/lib/examples_rclpy_executors
[2.725s] Installing listener script to /home/zeelb/autonomous-exploration/ros2_ws/install/examples_rclpy_executors/lib/examples_rclpy_executors
[2.726s] Installing talker script to /home/zeelb/autonomous-exploration/ros2_ws/install/examples_rclpy_executors/lib/examples_rclpy_executors
[2.726s] 
[2.726s] Installed /home/zeelb/autonomous-exploration/ros2_ws/build/examples_rclpy_executors
[2.726s] running install_data
[2.729s] creating /home/zeelb/autonomous-exploration/ros2_ws/install/examples_rclpy_executors/share/ament_index
[2.729s] creating /home/zeelb/autonomous-exploration/ros2_ws/install/examples_rclpy_executors/share/ament_index/resource_index
[2.729s] creating /home/zeelb/autonomous-exploration/ros2_ws/install/examples_rclpy_executors/share/ament_index/resource_index/packages
[2.730s] copying resource/examples_rclpy_executors -> /home/zeelb/autonomous-exploration/ros2_ws/install/examples_rclpy_executors/share/ament_index/resource_index/packages
[2.730s] copying package.xml -> /home/zeelb/autonomous-exploration/ros2_ws/install/examples_rclpy_executors/share/examples_rclpy_executors
[2.799s] Invoked command in '/home/zeelb/autonomous-exploration/ros2_ws/build/examples_rclpy_executors' returned '0': PYTHONPATH=/home/zeelb/autonomous-exploration/ros2_ws/build/examples_rclpy_executors/prefix_override:/home/zeelb/autonomous-exploration/ros2_ws/install/examples_rclpy_executors/lib/python3.6/site-packages:${PYTHONPATH} /usr/bin/python3 setup.py develop --editable --build-directory /home/zeelb/autonomous-exploration/ros2_ws/build/examples_rclpy_executors/build --no-deps install_data
