[0.068s] Invoking command in '/home/zeelb/autonomous-exploration/ros2_ws/build/examples_rclcpp_minimal_service': CMAKE_PREFIX_PATH=/opt/ros/dashing /usr/bin/cmake /home/zeelb/autonomous-exploration/ros2_ws/src/examples/rclcpp/services/minimal_service -DCMAKE_INSTALL_PREFIX=/home/zeelb/autonomous-exploration/ros2_ws/install/examples_rclcpp_minimal_service
[1.447s] -- The C compiler identification is GNU 7.5.0
[1.447s] -- The CXX compiler identification is GNU 7.5.0
[1.447s] -- Check for working C compiler: /usr/bin/cc
[1.447s] -- Check for working C compiler: /usr/bin/cc -- works
[1.447s] -- Detecting C compiler ABI info
[1.448s] -- Detecting C compiler ABI info - done
[1.448s] -- Detecting C compile features
[1.448s] -- Detecting C compile features - done
[1.448s] -- Check for working CXX compiler: /usr/bin/c++
[1.448s] -- Check for working CXX compiler: /usr/bin/c++ -- works
[1.448s] -- Detecting CXX compiler ABI info
[1.448s] -- Detecting CXX compiler ABI info - done
[1.448s] -- Detecting CXX compile features
[1.448s] -- Detecting CXX compile features - done
[1.449s] -- Found ament_cmake: 0.7.6 (/opt/ros/dashing/share/ament_cmake/cmake)
[1.449s] -- Found PythonInterp: /usr/bin/python3 (found suitable version "3.6.9", minimum required is "3") 
[1.449s] -- Using PYTHON_EXECUTABLE: /usr/bin/python3
[1.739s] -- Found example_interfaces: 0.7.1 (/opt/ros/dashing/share/example_interfaces/cmake)
[1.761s] -- Found rosidl_adapter: 0.7.10 (/opt/ros/dashing/share/rosidl_adapter/cmake)
[1.842s] -- Found rclcpp: 0.7.16 (/opt/ros/dashing/share/rclcpp/cmake)
[1.863s] -- Found rmw_implementation_cmake: 0.7.2 (/opt/ros/dashing/share/rmw_implementation_cmake/cmake)
[1.866s] -- Using RMW implementation 'rmw_fastrtps_cpp' as default
[1.867s] -- Looking for pthread.h
[1.971s] -- Looking for pthread.h - found
[1.974s] -- Looking for pthread_create
[2.092s] -- Looking for pthread_create - not found
[2.092s] -- Looking for pthread_create in pthreads
[2.187s] -- Looking for pthread_create in pthreads - not found
[2.188s] -- Looking for pthread_create in pthread
[2.313s] -- Looking for pthread_create in pthread - found
[2.314s] -- Found Threads: TRUE  
[2.371s] -- Found ament_lint_auto: 0.7.12 (/opt/ros/dashing/share/ament_lint_auto/cmake)
[2.547s] -- Added test 'copyright' to check for copyright in CMake / C / C++ / Python code
[2.552s] -- Added test 'cppcheck' to perform static code analysis on C / C++ code
[2.552s] -- Configured cppcheck include dirs: 
[2.558s] -- Added test 'cpplint' to check C / C++ code against the Google style
[2.559s] -- Added test 'lint_cmake' to check CMake code style
[2.559s] -- Added test 'uncrustify' to check C / C++ code style
[2.560s] -- Added test 'xmllint' to check XML markup files
[2.565s] -- Configuring done
[2.607s] -- Generating done
[2.609s] -- Build files have been written to: /home/zeelb/autonomous-exploration/ros2_ws/build/examples_rclcpp_minimal_service
[2.619s] Invoked command in '/home/zeelb/autonomous-exploration/ros2_ws/build/examples_rclcpp_minimal_service' returned '0': CMAKE_PREFIX_PATH=/opt/ros/dashing /usr/bin/cmake /home/zeelb/autonomous-exploration/ros2_ws/src/examples/rclcpp/services/minimal_service -DCMAKE_INSTALL_PREFIX=/home/zeelb/autonomous-exploration/ros2_ws/install/examples_rclcpp_minimal_service
[2.620s] Invoking command in '/home/zeelb/autonomous-exploration/ros2_ws/build/examples_rclcpp_minimal_service': CMAKE_PREFIX_PATH=/opt/ros/dashing /usr/bin/cmake --build /home/zeelb/autonomous-exploration/ros2_ws/build/examples_rclcpp_minimal_service -- -j12 -l12
[2.664s] [35m[1mScanning dependencies of target service_main[0m
[2.712s] [ 50%] [32mBuilding CXX object CMakeFiles/service_main.dir/main.cpp.o[0m
[5.447s] [100%] [32m[1mLinking CXX executable service_main[0m
[5.918s] [100%] Built target service_main
