[0.065s] Invoking command in '/home/zeelb/autonomous-exploration/ros2_ws/build/examples_rclcpp_minimal_timer': CMAKE_PREFIX_PATH=/opt/ros/dashing /usr/bin/cmake /home/zeelb/autonomous-exploration/ros2_ws/src/examples/rclcpp/timers/minimal_timer -DCMAKE_INSTALL_PREFIX=/home/zeelb/autonomous-exploration/ros2_ws/install/examples_rclcpp_minimal_timer
[1.442s] -- The C compiler identification is GNU 7.5.0
[1.443s] -- The CXX compiler identification is GNU 7.5.0
[1.443s] -- Check for working C compiler: /usr/bin/cc
[1.443s] -- Check for working C compiler: /usr/bin/cc -- works
[1.443s] -- Detecting C compiler ABI info
[1.444s] -- Detecting C compiler ABI info - done
[1.444s] -- Detecting C compile features
[1.444s] -- Detecting C compile features - done
[1.444s] -- Check for working CXX compiler: /usr/bin/c++
[1.445s] -- Check for working CXX compiler: /usr/bin/c++ -- works
[1.445s] -- Detecting CXX compiler ABI info
[1.445s] -- Detecting CXX compiler ABI info - done
[1.446s] -- Detecting CXX compile features
[1.447s] -- Detecting CXX compile features - done
[1.447s] -- Found ament_cmake: 0.7.6 (/opt/ros/dashing/share/ament_cmake/cmake)
[1.448s] -- Found PythonInterp: /usr/bin/python3 (found suitable version "3.6.9", minimum required is "3") 
[1.448s] -- Using PYTHON_EXECUTABLE: /usr/bin/python3
[1.723s] -- Found rclcpp: 0.7.16 (/opt/ros/dashing/share/rclcpp/cmake)
[1.753s] -- Found rosidl_adapter: 0.7.10 (/opt/ros/dashing/share/rosidl_adapter/cmake)
[1.814s] -- Found rmw_implementation_cmake: 0.7.2 (/opt/ros/dashing/share/rmw_implementation_cmake/cmake)
[1.816s] -- Using RMW implementation 'rmw_fastrtps_cpp' as default
[1.818s] -- Looking for pthread.h
[1.921s] -- Looking for pthread.h - found
[1.921s] -- Looking for pthread_create
[2.035s] -- Looking for pthread_create - not found
[2.036s] -- Looking for pthread_create in pthreads
[2.135s] -- Looking for pthread_create in pthreads - not found
[2.135s] -- Looking for pthread_create in pthread
[2.242s] -- Looking for pthread_create in pthread - found
[2.245s] -- Found Threads: TRUE  
[2.319s] -- Found ament_lint_auto: 0.7.12 (/opt/ros/dashing/share/ament_lint_auto/cmake)
[2.489s] -- Added test 'copyright' to check for copyright in CMake / C / C++ / Python code
[2.491s] -- Added test 'cppcheck' to perform static code analysis on C / C++ code
[2.492s] -- Configured cppcheck include dirs: 
[2.493s] -- Added test 'cpplint' to check C / C++ code against the Google style
[2.494s] -- Added test 'lint_cmake' to check CMake code style
[2.496s] -- Added test 'uncrustify' to check C / C++ code style
[2.497s] -- Added test 'xmllint' to check XML markup files
[2.501s] -- Configuring done
[2.531s] -- Generating done
[2.534s] -- Build files have been written to: /home/zeelb/autonomous-exploration/ros2_ws/build/examples_rclcpp_minimal_timer
[2.542s] Invoked command in '/home/zeelb/autonomous-exploration/ros2_ws/build/examples_rclcpp_minimal_timer' returned '0': CMAKE_PREFIX_PATH=/opt/ros/dashing /usr/bin/cmake /home/zeelb/autonomous-exploration/ros2_ws/src/examples/rclcpp/timers/minimal_timer -DCMAKE_INSTALL_PREFIX=/home/zeelb/autonomous-exploration/ros2_ws/install/examples_rclcpp_minimal_timer
[2.552s] Invoking command in '/home/zeelb/autonomous-exploration/ros2_ws/build/examples_rclcpp_minimal_timer': CMAKE_PREFIX_PATH=/opt/ros/dashing /usr/bin/cmake --build /home/zeelb/autonomous-exploration/ros2_ws/build/examples_rclcpp_minimal_timer -- -j12 -l12
[2.635s] [35m[1mScanning dependencies of target timer_lambda[0m
[2.636s] [35m[1mScanning dependencies of target timer_member_function[0m
[2.669s] [ 25%] [32mBuilding CXX object CMakeFiles/timer_lambda.dir/lambda.cpp.o[0m
[2.680s] [ 50%] [32mBuilding CXX object CMakeFiles/timer_member_function.dir/member_function.cpp.o[0m
[4.697s] [ 75%] [32m[1mLinking CXX executable timer_member_function[0m
[5.215s] [ 75%] Built target timer_member_function
[5.231s] [100%] [32m[1mLinking CXX executable timer_lambda[0m
[5.697s] [100%] Built target timer_lambda
[5.743s] Invoked command in '/home/zeelb/autonomous-exploration/ros2_ws/build/examples_rclcpp_minimal_timer' returned '0': CMAKE_PREFIX_PATH=/opt/ros/dashing /usr/bin/cmake --build /home/zeelb/autonomous-exploration/ros2_ws/build/examples_rclcpp_minimal_timer -- -j12 -l12
