[2.005s] Invoking command in '/home/zeelb/autonomous-exploration/ros2_ws/build/examples_rclpy_minimal_action_client': PYTHONPATH=/home/zeelb/autonomous-exploration/ros2_ws/build/examples_rclpy_minimal_action_client/prefix_override:/home/zeelb/autonomous-exploration/ros2_ws/install/examples_rclpy_minimal_action_client/lib/python3.6/site-packages:${PYTHONPATH} /usr/bin/python3 setup.py develop --editable --build-directory /home/zeelb/autonomous-exploration/ros2_ws/build/examples_rclpy_minimal_action_client/build --no-deps install_data
[2.409s] /home/zeelb/.local/lib/python3.6/site-packages/setuptools/dist.py:726: UserWarning: Usage of dash-separated 'script-dir' will not be supported in future versions. Please use the underscore name 'script_dir' instead
[2.409s]   % (opt, underscore_opt)
[2.482s] running develop
[2.483s] /home/zeelb/.local/lib/python3.6/site-packages/setuptools/command/easy_install.py:159: EasyInstallDeprecationWarning: easy_install command is deprecated. Use build and pip and other standards-based tools.
[2.483s]   EasyInstallDeprecationWarning,
[2.485s] /home/zeelb/.local/lib/python3.6/site-packages/setuptools/command/install.py:37: SetuptoolsDeprecationWarning: setup.py install is deprecated. Use build and pip and other standards-based tools.
[2.485s]   setuptools.SetuptoolsDeprecationWarning,
[2.565s] /home/zeelb/.local/lib/python3.6/site-packages/pkg_resources/__init__.py:119: PkgResourcesDeprecationWarning: 0.18ubuntu0.18.04.1 is an invalid version and will not be supported in a future release
[2.565s]   PkgResourcesDeprecationWarning,
[2.706s] running egg_info
[2.706s] creating examples_rclpy_minimal_action_client.egg-info
[2.706s] writing examples_rclpy_minimal_action_client.egg-info/PKG-INFO
[2.708s] writing dependency_links to examples_rclpy_minimal_action_client.egg-info/dependency_links.txt
[2.708s] writing entry points to examples_rclpy_minimal_action_client.egg-info/entry_points.txt
[2.709s] writing requirements to examples_rclpy_minimal_action_client.egg-info/requires.txt
[2.709s] writing top-level names to examples_rclpy_minimal_action_client.egg-info/top_level.txt
[2.710s] writing manifest file 'examples_rclpy_minimal_action_client.egg-info/SOURCES.txt'
[2.710s] reading manifest file 'examples_rclpy_minimal_action_client.egg-info/SOURCES.txt'
[2.710s] writing manifest file 'examples_rclpy_minimal_action_client.egg-info/SOURCES.txt'
[2.710s] running build_ext
[2.711s] Creating /home/zeelb/autonomous-exploration/ros2_ws/install/examples_rclpy_minimal_action_client/lib/python3.6/site-packages/examples-rclpy-minimal-action-client.egg-link (link to .)
[2.712s] Installing client script to /home/zeelb/autonomous-exploration/ros2_ws/install/examples_rclpy_minimal_action_client/lib/examples_rclpy_minimal_action_client
[2.713s] Installing client_cancel script to /home/zeelb/autonomous-exploration/ros2_ws/install/examples_rclpy_minimal_action_client/lib/examples_rclpy_minimal_action_client
[2.714s] Installing client_not_composable script to /home/zeelb/autonomous-exploration/ros2_ws/install/examples_rclpy_minimal_action_client/lib/examples_rclpy_minimal_action_client
[2.717s] 
[2.718s] Installed /home/zeelb/autonomous-exploration/ros2_ws/build/examples_rclpy_minimal_action_client
[2.718s] running install_data
[2.718s] creating /home/zeelb/autonomous-exploration/ros2_ws/install/examples_rclpy_minimal_action_client/share/ament_index
[2.718s] creating /home/zeelb/autonomous-exploration/ros2_ws/install/examples_rclpy_minimal_action_client/share/ament_index/resource_index
[2.719s] creating /home/zeelb/autonomous-exploration/ros2_ws/install/examples_rclpy_minimal_action_client/share/ament_index/resource_index/packages
[2.719s] copying resource/examples_rclpy_minimal_action_client -> /home/zeelb/autonomous-exploration/ros2_ws/install/examples_rclpy_minimal_action_client/share/ament_index/resource_index/packages
[2.719s] copying package.xml -> /home/zeelb/autonomous-exploration/ros2_ws/install/examples_rclpy_minimal_action_client/share/examples_rclpy_minimal_action_client
[2.756s] Invoked command in '/home/zeelb/autonomous-exploration/ros2_ws/build/examples_rclpy_minimal_action_client' returned '0': PYTHONPATH=/home/zeelb/autonomous-exploration/ros2_ws/build/examples_rclpy_minimal_action_client/prefix_override:/home/zeelb/autonomous-exploration/ros2_ws/install/examples_rclpy_minimal_action_client/lib/python3.6/site-packages:${PYTHONPATH} /usr/bin/python3 setup.py develop --editable --build-directory /home/zeelb/autonomous-exploration/ros2_ws/build/examples_rclpy_minimal_action_client/build --no-deps install_data
