-- The C compiler identification is GNU 7.5.0
-- The CXX compiler identification is GNU 7.5.0
-- Check for working C compiler: /usr/bin/cc
-- Check for working C compiler: /usr/bin/cc -- works
-- Detecting C compiler ABI info
-- Detecting C compiler ABI info - done
-- Detecting C compile features
-- Detecting C compile features - done
-- Check for working CXX compiler: /usr/bin/c++
-- Check for working CXX compiler: /usr/bin/c++ -- works
-- Detecting CXX compiler ABI info
-- Detecting CXX compiler ABI info - done
-- Detecting CXX compile features
-- Detecting CXX compile features - done
-- Found ament_cmake: 0.7.6 (/opt/ros/dashing/share/ament_cmake/cmake)
-- Found PythonInterp: /usr/bin/python3 (found suitable version "3.6.9", minimum required is "3") 
-- Using PYTHON_EXECUTABLE: /usr/bin/python3
-- Override CMake install command with custom implementation using symlinks instead of copying resources
-- Found example_interfaces: 0.7.1 (/opt/ros/dashing/share/example_interfaces/cmake)
-- Found rosidl_adapter: 0.7.10 (/opt/ros/dashing/share/rosidl_adapter/cmake)
-- Found rclcpp: 0.7.16 (/opt/ros/dashing/share/rclcpp/cmake)
-- Found rmw_implementation_cmake: 0.7.2 (/opt/ros/dashing/share/rmw_implementation_cmake/cmake)
-- Using RMW implementation 'rmw_fastrtps_cpp' as default
-- Looking for pthread.h
-- Looking for pthread.h - found
-- Looking for pthread_create
-- Looking for pthread_create - not found
-- Looking for pthread_create in pthreads
-- Looking for pthread_create in pthreads - not found
-- Looking for pthread_create in pthread
-- Looking for pthread_create in pthread - found
-- Found Threads: TRUE  
-- Found ament_lint_auto: 0.7.12 (/opt/ros/dashing/share/ament_lint_auto/cmake)
-- Added test 'copyright' to check for copyright in CMake / C / C++ / Python code
-- Added test 'cppcheck' to perform static code analysis on C / C++ code
-- Configured cppcheck include dirs: 
-- Added test 'cpplint' to check C / C++ code against the Google style
-- Added test 'lint_cmake' to check CMake code style
-- Added test 'uncrustify' to check C / C++ code style
-- Added test 'xmllint' to check XML markup files
-- Configuring done
-- Generating done
-- Build files have been written to: /home/zeelb/autonomous-exploration/ros2_ws/build/examples_rclcpp_minimal_client
[35m[1mScanning dependencies of target client_main[0m
[ 50%] [32mBuilding CXX object CMakeFiles/client_main.dir/main.cpp.o[0m
[01m[K/home/zeelb/autonomous-exploration/ros2_ws/src/examples/rclcpp/services/minimal_client/main.cpp:[m[K In function ‘[01m[Kint main(int, char**)[m[K’:
[01m[K/home/zeelb/autonomous-exploration/ros2_ws/src/examples/rclcpp/services/minimal_client/main.cpp:40:13:[m[K [01;31m[Kerror: [m[K‘[01m[Krclcpp::FutureReturnCode[m[K’ has not been declared
     rclcpp::[01;31m[KFutureReturnCode[m[K::SUCCESS)
             [01;31m[K^~~~~~~~~~~~~~~~[m[K
make[2]: *** [CMakeFiles/client_main.dir/main.cpp.o] Error 1
CMakeFiles/client_main.dir/build.make:62: recipe for target 'CMakeFiles/client_main.dir/main.cpp.o' failed
CMakeFiles/Makefile2:99: recipe for target 'CMakeFiles/client_main.dir/all' failed
make[1]: *** [CMakeFiles/client_main.dir/all] Error 2
Makefile:140: recipe for target 'all' failed
make: *** [all] Error 2
