[0.071s] Invoking command in '/home/zeelb/autonomous-exploration/ros2_ws/build/examples_rclcpp_minimal_composition': CMAKE_PREFIX_PATH=/opt/ros/dashing /usr/bin/cmake /home/zeelb/autonomous-exploration/ros2_ws/src/examples/rclcpp/composition/minimal_composition -DCMAKE_INSTALL_PREFIX=/home/zeelb/autonomous-exploration/ros2_ws/install/examples_rclcpp_minimal_composition
[1.452s] -- The C compiler identification is GNU 7.5.0
[1.452s] -- The CXX compiler identification is GNU 7.5.0
[1.452s] -- Check for working C compiler: /usr/bin/cc
[1.453s] -- Check for working C compiler: /usr/bin/cc -- works
[1.453s] -- Detecting C compiler ABI info
[1.454s] -- Detecting C compiler ABI info - done
[1.454s] -- Detecting C compile features
[1.454s] -- Detecting C compile features - done
[1.454s] -- Check for working CXX compiler: /usr/bin/c++
[1.454s] -- Check for working CXX compiler: /usr/bin/c++ -- works
[1.454s] -- Detecting CXX compiler ABI info
[1.454s] -- Detecting CXX compiler ABI info - done
[1.454s] -- Detecting CXX compile features
[1.455s] -- Detecting CXX compile features - done
[1.455s] -- Found ament_cmake: 0.7.6 (/opt/ros/dashing/share/ament_cmake/cmake)
[1.455s] -- Found PythonInterp: /usr/bin/python3 (found suitable version "3.6.9", minimum required is "3") 
[1.455s] -- Using PYTHON_EXECUTABLE: /usr/bin/python3
[1.748s] -- Found rclcpp: 0.7.16 (/opt/ros/dashing/share/rclcpp/cmake)
[1.759s] -- Found rosidl_adapter: 0.7.10 (/opt/ros/dashing/share/rosidl_adapter/cmake)
[1.821s] -- Found rmw_implementation_cmake: 0.7.2 (/opt/ros/dashing/share/rmw_implementation_cmake/cmake)
[1.823s] -- Using RMW implementation 'rmw_fastrtps_cpp' as default
[1.824s] -- Looking for pthread.h
[1.929s] -- Looking for pthread.h - found
[1.929s] -- Looking for pthread_create
[2.046s] -- Looking for pthread_create - not found
[2.046s] -- Looking for pthread_create in pthreads
[2.140s] -- Looking for pthread_create in pthreads - not found
[2.140s] -- Looking for pthread_create in pthread
[2.243s] -- Looking for pthread_create in pthread - found
[2.243s] -- Found Threads: TRUE  
[2.288s] -- Found rclcpp_components: 0.7.16 (/opt/ros/dashing/share/rclcpp_components/cmake)
[2.294s] -- Found poco_vendor:  (/opt/ros/dashing/share/poco_vendor/cmake)
[2.325s] -- Found std_msgs: 0.7.1 (/opt/ros/dashing/share/std_msgs/cmake)
[2.386s] -- Found ament_lint_auto: 0.7.12 (/opt/ros/dashing/share/ament_lint_auto/cmake)
[2.562s] -- Added test 'copyright' to check for copyright in CMake / C / C++ / Python code
[2.573s] -- Added test 'cppcheck' to perform static code analysis on C / C++ code
[2.573s] -- Configured cppcheck include dirs: /home/zeelb/autonomous-exploration/ros2_ws/src/examples/rclcpp/composition/minimal_composition/include
[2.573s] -- Added test 'cpplint' to check C / C++ code against the Google style
[2.574s] -- Added test 'lint_cmake' to check CMake code style
[2.578s] -- Added test 'uncrustify' to check C / C++ code style
[2.578s] -- Added test 'xmllint' to check XML markup files
[2.582s] -- Configuring done
[2.645s] -- Generating done
[2.648s] -- Build files have been written to: /home/zeelb/autonomous-exploration/ros2_ws/build/examples_rclcpp_minimal_composition
[2.704s] Invoked command in '/home/zeelb/autonomous-exploration/ros2_ws/build/examples_rclcpp_minimal_composition' returned '0': CMAKE_PREFIX_PATH=/opt/ros/dashing /usr/bin/cmake /home/zeelb/autonomous-exploration/ros2_ws/src/examples/rclcpp/composition/minimal_composition -DCMAKE_INSTALL_PREFIX=/home/zeelb/autonomous-exploration/ros2_ws/install/examples_rclcpp_minimal_composition
[2.709s] Invoking command in '/home/zeelb/autonomous-exploration/ros2_ws/build/examples_rclcpp_minimal_composition': CMAKE_PREFIX_PATH=/opt/ros/dashing /usr/bin/cmake --build /home/zeelb/autonomous-exploration/ros2_ws/build/examples_rclcpp_minimal_composition -- -j12 -l12
[2.813s] [35m[1mScanning dependencies of target composition_nodes[0m
[2.876s] [ 11%] [32mBuilding CXX object CMakeFiles/composition_nodes.dir/src/publisher_node.cpp.o[0m
[2.890s] [ 22%] [32mBuilding CXX object CMakeFiles/composition_nodes.dir/src/subscriber_node.cpp.o[0m
[7.664s] [ 33%] [32m[1mLinking CXX shared library libcomposition_nodes.so[0m
[7.837s] [ 33%] Built target composition_nodes
[7.847s] [35m[1mScanning dependencies of target composition_publisher[0m
[7.848s] [35m[1mScanning dependencies of target composition_subscriber[0m
[7.850s] [35m[1mScanning dependencies of target composition_composed[0m
[7.882s] [ 55%] [32mBuilding CXX object CMakeFiles/composition_publisher.dir/src/standalone_publisher.cpp.o[0m
[7.882s] [ 55%] [32mBuilding CXX object CMakeFiles/composition_subscriber.dir/src/standalone_subscriber.cpp.o[0m
[7.891s] [ 66%] [32mBuilding CXX object CMakeFiles/composition_composed.dir/src/composed.cpp.o[0m
[8.868s] [ 77%] [32m[1mLinking CXX executable composition_subscriber[0m
[8.911s] [ 88%] [32m[1mLinking CXX executable composition_publisher[0m
[8.953s] [100%] [32m[1mLinking CXX executable composition_composed[0m
[8.990s] [100%] Built target composition_subscriber
[9.036s] [100%] Built target composition_publisher
[9.058s] [100%] Built target composition_composed
