[1.906s] Invoking command in '/home/zeelb/autonomous-exploration/ros2_ws/src/examples/rclpy/actions/minimal_action_client': PYTHONPATH=/home/zeelb/autonomous-exploration/ros2_ws/build/examples_rclpy_minimal_action_client/prefix_override:/home/zeelb/autonomous-exploration/ros2_ws/install/examples_rclpy_minimal_action_client/lib/python3.6/site-packages:${PYTHONPATH} /usr/bin/python3 setup.py egg_info --egg-base ../../../../../build/examples_rclpy_minimal_action_client build --build-base /home/zeelb/autonomous-exploration/ros2_ws/build/examples_rclpy_minimal_action_client/build install --record /home/zeelb/autonomous-exploration/ros2_ws/build/examples_rclpy_minimal_action_client/install.log --install-scripts $base/lib/examples_rclpy_minimal_action_client --single-version-externally-managed
[2.151s] /home/zeelb/.local/lib/python3.6/site-packages/setuptools/dist.py:726: UserWarning: Usage of dash-separated 'script-dir' will not be supported in future versions. Please use the underscore name 'script_dir' instead
[2.151s]   % (opt, underscore_opt)
[2.178s] running egg_info
[2.179s] creating ../../../../../build/examples_rclpy_minimal_action_client/examples_rclpy_minimal_action_client.egg-info
[2.179s] writing ../../../../../build/examples_rclpy_minimal_action_client/examples_rclpy_minimal_action_client.egg-info/PKG-INFO
[2.179s] writing dependency_links to ../../../../../build/examples_rclpy_minimal_action_client/examples_rclpy_minimal_action_client.egg-info/dependency_links.txt
[2.179s] writing entry points to ../../../../../build/examples_rclpy_minimal_action_client/examples_rclpy_minimal_action_client.egg-info/entry_points.txt
[2.179s] writing requirements to ../../../../../build/examples_rclpy_minimal_action_client/examples_rclpy_minimal_action_client.egg-info/requires.txt
[2.179s] writing top-level names to ../../../../../build/examples_rclpy_minimal_action_client/examples_rclpy_minimal_action_client.egg-info/top_level.txt
[2.180s] writing manifest file '../../../../../build/examples_rclpy_minimal_action_client/examples_rclpy_minimal_action_client.egg-info/SOURCES.txt'
[2.181s] reading manifest file '../../../../../build/examples_rclpy_minimal_action_client/examples_rclpy_minimal_action_client.egg-info/SOURCES.txt'
[2.182s] writing manifest file '../../../../../build/examples_rclpy_minimal_action_client/examples_rclpy_minimal_action_client.egg-info/SOURCES.txt'
[2.182s] running build
[2.182s] running build_py
[2.182s] creating /home/zeelb/autonomous-exploration/ros2_ws/build/examples_rclpy_minimal_action_client/build
[2.183s] creating /home/zeelb/autonomous-exploration/ros2_ws/build/examples_rclpy_minimal_action_client/build/lib
[2.183s] creating /home/zeelb/autonomous-exploration/ros2_ws/build/examples_rclpy_minimal_action_client/build/lib/examples_rclpy_minimal_action_client
[2.183s] copying examples_rclpy_minimal_action_client/client_not_composable.py -> /home/zeelb/autonomous-exploration/ros2_ws/build/examples_rclpy_minimal_action_client/build/lib/examples_rclpy_minimal_action_client
[2.183s] copying examples_rclpy_minimal_action_client/client.py -> /home/zeelb/autonomous-exploration/ros2_ws/build/examples_rclpy_minimal_action_client/build/lib/examples_rclpy_minimal_action_client
[2.183s] copying examples_rclpy_minimal_action_client/client_cancel.py -> /home/zeelb/autonomous-exploration/ros2_ws/build/examples_rclpy_minimal_action_client/build/lib/examples_rclpy_minimal_action_client
[2.183s] copying examples_rclpy_minimal_action_client/__init__.py -> /home/zeelb/autonomous-exploration/ros2_ws/build/examples_rclpy_minimal_action_client/build/lib/examples_rclpy_minimal_action_client
[2.183s] running install
[2.184s] /home/zeelb/.local/lib/python3.6/site-packages/setuptools/command/install.py:37: SetuptoolsDeprecationWarning: setup.py install is deprecated. Use build and pip and other standards-based tools.
[2.184s]   setuptools.SetuptoolsDeprecationWarning,
[2.184s] running install_lib
[2.184s] creating /home/zeelb/autonomous-exploration/ros2_ws/install/examples_rclpy_minimal_action_client/lib/python3.6/site-packages/examples_rclpy_minimal_action_client
[2.184s] copying /home/zeelb/autonomous-exploration/ros2_ws/build/examples_rclpy_minimal_action_client/build/lib/examples_rclpy_minimal_action_client/client_not_composable.py -> /home/zeelb/autonomous-exploration/ros2_ws/install/examples_rclpy_minimal_action_client/lib/python3.6/site-packages/examples_rclpy_minimal_action_client
[2.184s] copying /home/zeelb/autonomous-exploration/ros2_ws/build/examples_rclpy_minimal_action_client/build/lib/examples_rclpy_minimal_action_client/client.py -> /home/zeelb/autonomous-exploration/ros2_ws/install/examples_rclpy_minimal_action_client/lib/python3.6/site-packages/examples_rclpy_minimal_action_client
[2.184s] copying /home/zeelb/autonomous-exploration/ros2_ws/build/examples_rclpy_minimal_action_client/build/lib/examples_rclpy_minimal_action_client/client_cancel.py -> /home/zeelb/autonomous-exploration/ros2_ws/install/examples_rclpy_minimal_action_client/lib/python3.6/site-packages/examples_rclpy_minimal_action_client
[2.185s] copying /home/zeelb/autonomous-exploration/ros2_ws/build/examples_rclpy_minimal_action_client/build/lib/examples_rclpy_minimal_action_client/__init__.py -> /home/zeelb/autonomous-exploration/ros2_ws/install/examples_rclpy_minimal_action_client/lib/python3.6/site-packages/examples_rclpy_minimal_action_client
[2.185s] byte-compiling /home/zeelb/autonomous-exploration/ros2_ws/install/examples_rclpy_minimal_action_client/lib/python3.6/site-packages/examples_rclpy_minimal_action_client/client_not_composable.py to client_not_composable.cpython-36.pyc
[2.185s] byte-compiling /home/zeelb/autonomous-exploration/ros2_ws/install/examples_rclpy_minimal_action_client/lib/python3.6/site-packages/examples_rclpy_minimal_action_client/client.py to client.cpython-36.pyc
[2.185s] byte-compiling /home/zeelb/autonomous-exploration/ros2_ws/install/examples_rclpy_minimal_action_client/lib/python3.6/site-packages/examples_rclpy_minimal_action_client/client_cancel.py to client_cancel.cpython-36.pyc
[2.186s] byte-compiling /home/zeelb/autonomous-exploration/ros2_ws/install/examples_rclpy_minimal_action_client/lib/python3.6/site-packages/examples_rclpy_minimal_action_client/__init__.py to __init__.cpython-36.pyc
[2.186s] running install_data
[2.187s] creating /home/zeelb/autonomous-exploration/ros2_ws/install/examples_rclpy_minimal_action_client/share/ament_index
[2.187s] creating /home/zeelb/autonomous-exploration/ros2_ws/install/examples_rclpy_minimal_action_client/share/ament_index/resource_index
[2.187s] creating /home/zeelb/autonomous-exploration/ros2_ws/install/examples_rclpy_minimal_action_client/share/ament_index/resource_index/packages
[2.187s] copying resource/examples_rclpy_minimal_action_client -> /home/zeelb/autonomous-exploration/ros2_ws/install/examples_rclpy_minimal_action_client/share/ament_index/resource_index/packages
[2.187s] copying package.xml -> /home/zeelb/autonomous-exploration/ros2_ws/install/examples_rclpy_minimal_action_client/share/examples_rclpy_minimal_action_client
[2.187s] running install_egg_info
[2.188s] Copying ../../../../../build/examples_rclpy_minimal_action_client/examples_rclpy_minimal_action_client.egg-info to /home/zeelb/autonomous-exploration/ros2_ws/install/examples_rclpy_minimal_action_client/lib/python3.6/site-packages/examples_rclpy_minimal_action_client-0.9.4-py3.6.egg-info
[2.189s] running install_scripts
[2.214s] Installing client script to /home/zeelb/autonomous-exploration/ros2_ws/install/examples_rclpy_minimal_action_client/lib/examples_rclpy_minimal_action_client
[2.214s] Installing client_cancel script to /home/zeelb/autonomous-exploration/ros2_ws/install/examples_rclpy_minimal_action_client/lib/examples_rclpy_minimal_action_client
[2.214s] Installing client_not_composable script to /home/zeelb/autonomous-exploration/ros2_ws/install/examples_rclpy_minimal_action_client/lib/examples_rclpy_minimal_action_client
[2.214s] writing list of installed files to '/home/zeelb/autonomous-exploration/ros2_ws/build/examples_rclpy_minimal_action_client/install.log'
[2.234s] Invoked command in '/home/zeelb/autonomous-exploration/ros2_ws/src/examples/rclpy/actions/minimal_action_client' returned '0': PYTHONPATH=/home/zeelb/autonomous-exploration/ros2_ws/build/examples_rclpy_minimal_action_client/prefix_override:/home/zeelb/autonomous-exploration/ros2_ws/install/examples_rclpy_minimal_action_client/lib/python3.6/site-packages:${PYTHONPATH} /usr/bin/python3 setup.py egg_info --egg-base ../../../../../build/examples_rclpy_minimal_action_client build --build-base /home/zeelb/autonomous-exploration/ros2_ws/build/examples_rclpy_minimal_action_client/build install --record /home/zeelb/autonomous-exploration/ros2_ws/build/examples_rclpy_minimal_action_client/install.log --install-scripts $base/lib/examples_rclpy_minimal_action_client --single-version-externally-managed
