[0.070s] Invoking command in '/home/zeelb/autonomous-exploration/ros2_ws/build/examples_rclcpp_minimal_action_server': CMAKE_PREFIX_PATH=/opt/ros/dashing /usr/bin/cmake /home/zeelb/autonomous-exploration/ros2_ws/src/examples/rclcpp/actions/minimal_action_server -DCMAKE_INSTALL_PREFIX=/home/zeelb/autonomous-exploration/ros2_ws/install/examples_rclcpp_minimal_action_server
[1.458s] -- The C compiler identification is GNU 7.5.0
[1.458s] -- The CXX compiler identification is GNU 7.5.0
[1.458s] -- Check for working C compiler: /usr/bin/cc
[1.458s] -- Check for working C compiler: /usr/bin/cc -- works
[1.458s] -- Detecting C compiler ABI info
[1.459s] -- Detecting C compiler ABI info - done
[1.459s] -- Detecting C compile features
[1.459s] -- Detecting C compile features - done
[1.459s] -- Check for working CXX compiler: /usr/bin/c++
[1.459s] -- Check for working CXX compiler: /usr/bin/c++ -- works
[1.459s] -- Detecting CXX compiler ABI info
[1.459s] -- Detecting CXX compiler ABI info - done
[1.460s] -- Detecting CXX compile features
[1.460s] -- Detecting CXX compile features - done
[1.460s] -- Found ament_cmake: 0.7.6 (/opt/ros/dashing/share/ament_cmake/cmake)
[1.460s] -- Found PythonInterp: /usr/bin/python3 (found suitable version "3.6.9", minimum required is "3") 
[1.460s] -- Using PYTHON_EXECUTABLE: /usr/bin/python3
[1.764s] -- Found example_interfaces: 0.7.1 (/opt/ros/dashing/share/example_interfaces/cmake)
[1.786s] -- Found rosidl_adapter: 0.7.10 (/opt/ros/dashing/share/rosidl_adapter/cmake)
[1.864s] -- Found rclcpp: 0.7.16 (/opt/ros/dashing/share/rclcpp/cmake)
[1.884s] -- Found rmw_implementation_cmake: 0.7.2 (/opt/ros/dashing/share/rmw_implementation_cmake/cmake)
[1.887s] -- Using RMW implementation 'rmw_fastrtps_cpp' as default
[1.888s] -- Looking for pthread.h
[2.000s] -- Looking for pthread.h - found
[2.000s] -- Looking for pthread_create
[2.118s] -- Looking for pthread_create - not found
[2.118s] -- Looking for pthread_create in pthreads
[2.214s] -- Looking for pthread_create in pthreads - not found
[2.220s] -- Looking for pthread_create in pthread
[2.321s] -- Looking for pthread_create in pthread - found
[2.335s] -- Found Threads: TRUE  
[2.370s] -- Found rclcpp_action: 0.7.16 (/opt/ros/dashing/share/rclcpp_action/cmake)
[2.591s] -- Found ament_lint_auto: 0.7.12 (/opt/ros/dashing/share/ament_lint_auto/cmake)
[2.735s] -- Added test 'copyright' to check for copyright in CMake / C / C++ / Python code
[2.739s] -- Added test 'cppcheck' to perform static code analysis on C / C++ code
[2.739s] -- Configured cppcheck include dirs: 
[2.740s] -- Added test 'cpplint' to check C / C++ code against the Google style
[2.740s] -- Added test 'lint_cmake' to check CMake code style
[2.740s] -- Added test 'uncrustify' to check C / C++ code style
[2.740s] -- Added test 'xmllint' to check XML markup files
[2.747s] -- Configuring done
[2.785s] -- Generating done
[2.791s] -- Build files have been written to: /home/zeelb/autonomous-exploration/ros2_ws/build/examples_rclcpp_minimal_action_server
[3.472s] Invoked command in '/home/zeelb/autonomous-exploration/ros2_ws/build/examples_rclcpp_minimal_action_server' returned '0': CMAKE_PREFIX_PATH=/opt/ros/dashing /usr/bin/cmake /home/zeelb/autonomous-exploration/ros2_ws/src/examples/rclcpp/actions/minimal_action_server -DCMAKE_INSTALL_PREFIX=/home/zeelb/autonomous-exploration/ros2_ws/install/examples_rclcpp_minimal_action_server
[3.477s] Invoking command in '/home/zeelb/autonomous-exploration/ros2_ws/build/examples_rclcpp_minimal_action_server': CMAKE_PREFIX_PATH=/opt/ros/dashing /usr/bin/cmake --build /home/zeelb/autonomous-exploration/ros2_ws/build/examples_rclcpp_minimal_action_server -- -j12 -l12
[4.273s] [35m[1mScanning dependencies of target action_server_member_functions[0m
[4.274s] [35m[1mScanning dependencies of target action_server_not_composable[0m
[4.274s] [ 25%] [32mBuilding CXX object CMakeFiles/action_server_not_composable.dir/not_composable.cpp.o[0m
[4.274s] [ 50%] [32mBuilding CXX object CMakeFiles/action_server_member_functions.dir/member_functions.cpp.o[0m
[7.981s] [ 75%] [32m[1mLinking CXX executable action_server_member_functions[0m
[8.019s] [100%] [32m[1mLinking CXX executable action_server_not_composable[0m
[8.148s] [100%] Built target action_server_member_functions
[8.226s] [100%] Built target action_server_not_composable
