[0.072s] Invoking command in '/home/zeelb/autonomous-exploration/ros2_ws/build/examples_rclcpp_minimal_composition': CMAKE_PREFIX_PATH=/opt/ros/dashing /usr/bin/cmake /home/zeelb/autonomous-exploration/ros2_ws/src/examples/rclcpp/composition/minimal_composition -DAMENT_CMAKE_SYMLINK_INSTALL=1 -DCMAKE_INSTALL_PREFIX=/home/zeelb/autonomous-exploration/ros2_ws/install/examples_rclcpp_minimal_composition
[1.380s] -- The C compiler identification is GNU 7.5.0
[1.380s] -- The CXX compiler identification is GNU 7.5.0
[1.381s] -- Check for working C compiler: /usr/bin/cc
[1.381s] -- Check for working C compiler: /usr/bin/cc -- works
[1.381s] -- Detecting C compiler ABI info
[1.381s] -- Detecting C compiler ABI info - done
[1.381s] -- Detecting C compile features
[1.382s] -- Detecting C compile features - done
[1.382s] -- Check for working CXX compiler: /usr/bin/c++
[1.382s] -- Check for working CXX compiler: /usr/bin/c++ -- works
[1.382s] -- Detecting CXX compiler ABI info
[1.382s] -- Detecting CXX compiler ABI info - done
[1.382s] -- Detecting CXX compile features
[1.467s] -- Detecting CXX compile features - done
[1.470s] -- Found ament_cmake: 0.7.6 (/opt/ros/dashing/share/ament_cmake/cmake)
[1.509s] -- Found PythonInterp: /usr/bin/python3 (found suitable version "3.6.9", minimum required is "3") 
[1.510s] -- Using PYTHON_EXECUTABLE: /usr/bin/python3
[1.861s] -- Override CMake install command with custom implementation using symlinks instead of copying resources
[1.891s] -- Found rclcpp: 0.7.16 (/opt/ros/dashing/share/rclcpp/cmake)
[1.923s] -- Found rosidl_adapter: 0.7.10 (/opt/ros/dashing/share/rosidl_adapter/cmake)
[1.981s] -- Found rmw_implementation_cmake: 0.7.2 (/opt/ros/dashing/share/rmw_implementation_cmake/cmake)
[1.984s] -- Using RMW implementation 'rmw_fastrtps_cpp' as default
[1.985s] -- Looking for pthread.h
[2.113s] -- Looking for pthread.h - found
[2.114s] -- Looking for pthread_create
[2.225s] -- Looking for pthread_create - not found
[2.226s] -- Looking for pthread_create in pthreads
[2.310s] -- Looking for pthread_create in pthreads - not found
[2.310s] -- Looking for pthread_create in pthread
[2.428s] -- Looking for pthread_create in pthread - found
[2.430s] -- Found Threads: TRUE  
[2.475s] -- Found rclcpp_components: 0.7.16 (/opt/ros/dashing/share/rclcpp_components/cmake)
[2.483s] -- Found poco_vendor:  (/opt/ros/dashing/share/poco_vendor/cmake)
[2.509s] -- Found std_msgs: 0.7.1 (/opt/ros/dashing/share/std_msgs/cmake)
[2.589s] -- Found ament_lint_auto: 0.7.12 (/opt/ros/dashing/share/ament_lint_auto/cmake)
[2.763s] -- Added test 'copyright' to check for copyright in CMake / C / C++ / Python code
[2.764s] -- Added test 'cppcheck' to perform static code analysis on C / C++ code
[2.765s] -- Configured cppcheck include dirs: /home/zeelb/autonomous-exploration/ros2_ws/src/examples/rclcpp/composition/minimal_composition/include
[2.766s] -- Added test 'cpplint' to check C / C++ code against the Google style
[2.767s] -- Added test 'lint_cmake' to check CMake code style
[2.768s] -- Added test 'uncrustify' to check C / C++ code style
[2.769s] -- Added test 'xmllint' to check XML markup files
[2.771s] -- Configuring done
[2.850s] -- Generating done
[2.854s] -- Build files have been written to: /home/zeelb/autonomous-exploration/ros2_ws/build/examples_rclcpp_minimal_composition
[2.926s] Invoked command in '/home/zeelb/autonomous-exploration/ros2_ws/build/examples_rclcpp_minimal_composition' returned '0': CMAKE_PREFIX_PATH=/opt/ros/dashing /usr/bin/cmake /home/zeelb/autonomous-exploration/ros2_ws/src/examples/rclcpp/composition/minimal_composition -DAMENT_CMAKE_SYMLINK_INSTALL=1 -DCMAKE_INSTALL_PREFIX=/home/zeelb/autonomous-exploration/ros2_ws/install/examples_rclcpp_minimal_composition
[2.930s] Invoking command in '/home/zeelb/autonomous-exploration/ros2_ws/build/examples_rclcpp_minimal_composition': CMAKE_PREFIX_PATH=/opt/ros/dashing /usr/bin/cmake --build /home/zeelb/autonomous-exploration/ros2_ws/build/examples_rclcpp_minimal_composition -- -j12 -l12
[3.117s] [35m[1mScanning dependencies of target composition_nodes[0m
[3.262s] [ 11%] [32mBuilding CXX object CMakeFiles/composition_nodes.dir/src/publisher_node.cpp.o[0m
[3.271s] [ 22%] [32mBuilding CXX object CMakeFiles/composition_nodes.dir/src/subscriber_node.cpp.o[0m
[7.554s] [ 33%] [32m[1mLinking CXX shared library libcomposition_nodes.so[0m
[7.783s] [ 33%] Built target composition_nodes
[7.796s] [35m[1mScanning dependencies of target composition_publisher[0m
[7.797s] [35m[1mScanning dependencies of target composition_composed[0m
[7.799s] [35m[1mScanning dependencies of target composition_subscriber[0m
[7.837s] [ 44%] [32mBuilding CXX object CMakeFiles/composition_publisher.dir/src/standalone_publisher.cpp.o[0m
[7.839s] [ 55%] [32mBuilding CXX object CMakeFiles/composition_composed.dir/src/composed.cpp.o[0m
[7.840s] [ 66%] [32mBuilding CXX object CMakeFiles/composition_subscriber.dir/src/standalone_subscriber.cpp.o[0m
[8.796s] [ 77%] [32m[1mLinking CXX executable composition_publisher[0m
[8.920s] [ 77%] Built target composition_publisher
[8.930s] [ 88%] [32m[1mLinking CXX executable composition_subscriber[0m
[8.960s] [100%] [32m[1mLinking CXX executable composition_composed[0m
[9.052s] [100%] Built target composition_subscriber
[9.069s] [100%] Built target composition_composed
