[1.903s] Invoking command in '/home/zeelb/autonomous-exploration/ros2_ws/src/examples/rclpy/actions/minimal_action_server': PYTHONPATH=/home/zeelb/autonomous-exploration/ros2_ws/build/examples_rclpy_minimal_action_server/prefix_override:/home/zeelb/autonomous-exploration/ros2_ws/install/examples_rclpy_minimal_action_server/lib/python3.6/site-packages:${PYTHONPATH} /usr/bin/python3 setup.py egg_info --egg-base ../../../../../build/examples_rclpy_minimal_action_server build --build-base /home/zeelb/autonomous-exploration/ros2_ws/build/examples_rclpy_minimal_action_server/build install --record /home/zeelb/autonomous-exploration/ros2_ws/build/examples_rclpy_minimal_action_server/install.log --install-scripts $base/lib/examples_rclpy_minimal_action_server --single-version-externally-managed
[2.159s] /home/zeelb/.local/lib/python3.6/site-packages/setuptools/dist.py:726: UserWarning: Usage of dash-separated 'script-dir' will not be supported in future versions. Please use the underscore name 'script_dir' instead
[2.159s]   % (opt, underscore_opt)
[2.188s] running egg_info
[2.190s] creating ../../../../../build/examples_rclpy_minimal_action_server/examples_rclpy_minimal_action_server.egg-info
[2.190s] writing ../../../../../build/examples_rclpy_minimal_action_server/examples_rclpy_minimal_action_server.egg-info/PKG-INFO
[2.190s] writing dependency_links to ../../../../../build/examples_rclpy_minimal_action_server/examples_rclpy_minimal_action_server.egg-info/dependency_links.txt
[2.191s] writing entry points to ../../../../../build/examples_rclpy_minimal_action_server/examples_rclpy_minimal_action_server.egg-info/entry_points.txt
[2.191s] writing requirements to ../../../../../build/examples_rclpy_minimal_action_server/examples_rclpy_minimal_action_server.egg-info/requires.txt
[2.191s] writing top-level names to ../../../../../build/examples_rclpy_minimal_action_server/examples_rclpy_minimal_action_server.egg-info/top_level.txt
[2.192s] writing manifest file '../../../../../build/examples_rclpy_minimal_action_server/examples_rclpy_minimal_action_server.egg-info/SOURCES.txt'
[2.194s] reading manifest file '../../../../../build/examples_rclpy_minimal_action_server/examples_rclpy_minimal_action_server.egg-info/SOURCES.txt'
[2.197s] writing manifest file '../../../../../build/examples_rclpy_minimal_action_server/examples_rclpy_minimal_action_server.egg-info/SOURCES.txt'
[2.198s] running build
[2.198s] running build_py
[2.198s] creating /home/zeelb/autonomous-exploration/ros2_ws/build/examples_rclpy_minimal_action_server/build
[2.198s] creating /home/zeelb/autonomous-exploration/ros2_ws/build/examples_rclpy_minimal_action_server/build/lib
[2.198s] creating /home/zeelb/autonomous-exploration/ros2_ws/build/examples_rclpy_minimal_action_server/build/lib/examples_rclpy_minimal_action_server
[2.198s] copying examples_rclpy_minimal_action_server/server_defer.py -> /home/zeelb/autonomous-exploration/ros2_ws/build/examples_rclpy_minimal_action_server/build/lib/examples_rclpy_minimal_action_server
[2.199s] copying examples_rclpy_minimal_action_server/server_queue_goals.py -> /home/zeelb/autonomous-exploration/ros2_ws/build/examples_rclpy_minimal_action_server/build/lib/examples_rclpy_minimal_action_server
[2.199s] copying examples_rclpy_minimal_action_server/__init__.py -> /home/zeelb/autonomous-exploration/ros2_ws/build/examples_rclpy_minimal_action_server/build/lib/examples_rclpy_minimal_action_server
[2.199s] copying examples_rclpy_minimal_action_server/server_not_composable.py -> /home/zeelb/autonomous-exploration/ros2_ws/build/examples_rclpy_minimal_action_server/build/lib/examples_rclpy_minimal_action_server
[2.200s] copying examples_rclpy_minimal_action_server/server_single_goal.py -> /home/zeelb/autonomous-exploration/ros2_ws/build/examples_rclpy_minimal_action_server/build/lib/examples_rclpy_minimal_action_server
[2.200s] copying examples_rclpy_minimal_action_server/server.py -> /home/zeelb/autonomous-exploration/ros2_ws/build/examples_rclpy_minimal_action_server/build/lib/examples_rclpy_minimal_action_server
[2.200s] running install
[2.201s] /home/zeelb/.local/lib/python3.6/site-packages/setuptools/command/install.py:37: SetuptoolsDeprecationWarning: setup.py install is deprecated. Use build and pip and other standards-based tools.
[2.201s]   setuptools.SetuptoolsDeprecationWarning,
[2.202s] running install_lib
[2.204s] creating /home/zeelb/autonomous-exploration/ros2_ws/install/examples_rclpy_minimal_action_server/lib/python3.6/site-packages/examples_rclpy_minimal_action_server
[2.204s] copying /home/zeelb/autonomous-exploration/ros2_ws/build/examples_rclpy_minimal_action_server/build/lib/examples_rclpy_minimal_action_server/server_defer.py -> /home/zeelb/autonomous-exploration/ros2_ws/install/examples_rclpy_minimal_action_server/lib/python3.6/site-packages/examples_rclpy_minimal_action_server
[2.204s] copying /home/zeelb/autonomous-exploration/ros2_ws/build/examples_rclpy_minimal_action_server/build/lib/examples_rclpy_minimal_action_server/server_queue_goals.py -> /home/zeelb/autonomous-exploration/ros2_ws/install/examples_rclpy_minimal_action_server/lib/python3.6/site-packages/examples_rclpy_minimal_action_server
[2.204s] copying /home/zeelb/autonomous-exploration/ros2_ws/build/examples_rclpy_minimal_action_server/build/lib/examples_rclpy_minimal_action_server/__init__.py -> /home/zeelb/autonomous-exploration/ros2_ws/install/examples_rclpy_minimal_action_server/lib/python3.6/site-packages/examples_rclpy_minimal_action_server
[2.205s] copying /home/zeelb/autonomous-exploration/ros2_ws/build/examples_rclpy_minimal_action_server/build/lib/examples_rclpy_minimal_action_server/server_not_composable.py -> /home/zeelb/autonomous-exploration/ros2_ws/install/examples_rclpy_minimal_action_server/lib/python3.6/site-packages/examples_rclpy_minimal_action_server
[2.205s] copying /home/zeelb/autonomous-exploration/ros2_ws/build/examples_rclpy_minimal_action_server/build/lib/examples_rclpy_minimal_action_server/server_single_goal.py -> /home/zeelb/autonomous-exploration/ros2_ws/install/examples_rclpy_minimal_action_server/lib/python3.6/site-packages/examples_rclpy_minimal_action_server
[2.205s] copying /home/zeelb/autonomous-exploration/ros2_ws/build/examples_rclpy_minimal_action_server/build/lib/examples_rclpy_minimal_action_server/server.py -> /home/zeelb/autonomous-exploration/ros2_ws/install/examples_rclpy_minimal_action_server/lib/python3.6/site-packages/examples_rclpy_minimal_action_server
[2.205s] byte-compiling /home/zeelb/autonomous-exploration/ros2_ws/install/examples_rclpy_minimal_action_server/lib/python3.6/site-packages/examples_rclpy_minimal_action_server/server_defer.py to server_defer.cpython-36.pyc
[2.206s] byte-compiling /home/zeelb/autonomous-exploration/ros2_ws/install/examples_rclpy_minimal_action_server/lib/python3.6/site-packages/examples_rclpy_minimal_action_server/server_queue_goals.py to server_queue_goals.cpython-36.pyc
[2.207s] byte-compiling /home/zeelb/autonomous-exploration/ros2_ws/install/examples_rclpy_minimal_action_server/lib/python3.6/site-packages/examples_rclpy_minimal_action_server/__init__.py to __init__.cpython-36.pyc
[2.207s] byte-compiling /home/zeelb/autonomous-exploration/ros2_ws/install/examples_rclpy_minimal_action_server/lib/python3.6/site-packages/examples_rclpy_minimal_action_server/server_not_composable.py to server_not_composable.cpython-36.pyc
[2.207s] byte-compiling /home/zeelb/autonomous-exploration/ros2_ws/install/examples_rclpy_minimal_action_server/lib/python3.6/site-packages/examples_rclpy_minimal_action_server/server_single_goal.py to server_single_goal.cpython-36.pyc
[2.208s] byte-compiling /home/zeelb/autonomous-exploration/ros2_ws/install/examples_rclpy_minimal_action_server/lib/python3.6/site-packages/examples_rclpy_minimal_action_server/server.py to server.cpython-36.pyc
[2.208s] running install_data
[2.209s] creating /home/zeelb/autonomous-exploration/ros2_ws/install/examples_rclpy_minimal_action_server/share/ament_index
[2.209s] creating /home/zeelb/autonomous-exploration/ros2_ws/install/examples_rclpy_minimal_action_server/share/ament_index/resource_index
[2.209s] creating /home/zeelb/autonomous-exploration/ros2_ws/install/examples_rclpy_minimal_action_server/share/ament_index/resource_index/packages
[2.209s] copying resource/examples_rclpy_minimal_action_server -> /home/zeelb/autonomous-exploration/ros2_ws/install/examples_rclpy_minimal_action_server/share/ament_index/resource_index/packages
[2.209s] copying package.xml -> /home/zeelb/autonomous-exploration/ros2_ws/install/examples_rclpy_minimal_action_server/share/examples_rclpy_minimal_action_server
[2.209s] running install_egg_info
[2.210s] Copying ../../../../../build/examples_rclpy_minimal_action_server/examples_rclpy_minimal_action_server.egg-info to /home/zeelb/autonomous-exploration/ros2_ws/install/examples_rclpy_minimal_action_server/lib/python3.6/site-packages/examples_rclpy_minimal_action_server-0.9.4-py3.6.egg-info
[2.210s] running install_scripts
[2.221s] Installing server script to /home/zeelb/autonomous-exploration/ros2_ws/install/examples_rclpy_minimal_action_server/lib/examples_rclpy_minimal_action_server
[2.222s] Installing server_defer script to /home/zeelb/autonomous-exploration/ros2_ws/install/examples_rclpy_minimal_action_server/lib/examples_rclpy_minimal_action_server
[2.222s] Installing server_not_composable script to /home/zeelb/autonomous-exploration/ros2_ws/install/examples_rclpy_minimal_action_server/lib/examples_rclpy_minimal_action_server
[2.222s] Installing server_queue_goals script to /home/zeelb/autonomous-exploration/ros2_ws/install/examples_rclpy_minimal_action_server/lib/examples_rclpy_minimal_action_server
[2.222s] Installing server_single_goal script to /home/zeelb/autonomous-exploration/ros2_ws/install/examples_rclpy_minimal_action_server/lib/examples_rclpy_minimal_action_server
[2.222s] writing list of installed files to '/home/zeelb/autonomous-exploration/ros2_ws/build/examples_rclpy_minimal_action_server/install.log'
[2.256s] Invoked command in '/home/zeelb/autonomous-exploration/ros2_ws/src/examples/rclpy/actions/minimal_action_server' returned '0': PYTHONPATH=/home/zeelb/autonomous-exploration/ros2_ws/build/examples_rclpy_minimal_action_server/prefix_override:/home/zeelb/autonomous-exploration/ros2_ws/install/examples_rclpy_minimal_action_server/lib/python3.6/site-packages:${PYTHONPATH} /usr/bin/python3 setup.py egg_info --egg-base ../../../../../build/examples_rclpy_minimal_action_server build --build-base /home/zeelb/autonomous-exploration/ros2_ws/build/examples_rclpy_minimal_action_server/build install --record /home/zeelb/autonomous-exploration/ros2_ws/build/examples_rclpy_minimal_action_server/install.log --install-scripts $base/lib/examples_rclpy_minimal_action_server --single-version-externally-managed
