[1.894s] Invoking command in '/home/zeelb/autonomous-exploration/ros2_ws/src/examples/rclpy/topics/minimal_publisher': PYTHONPATH=/home/zeelb/autonomous-exploration/ros2_ws/build/examples_rclpy_minimal_publisher/prefix_override:/home/zeelb/autonomous-exploration/ros2_ws/install/examples_rclpy_minimal_publisher/lib/python3.6/site-packages:${PYTHONPATH} /usr/bin/python3 setup.py egg_info --egg-base ../../../../../build/examples_rclpy_minimal_publisher build --build-base /home/zeelb/autonomous-exploration/ros2_ws/build/examples_rclpy_minimal_publisher/build install --record /home/zeelb/autonomous-exploration/ros2_ws/build/examples_rclpy_minimal_publisher/install.log --install-scripts $base/lib/examples_rclpy_minimal_publisher --single-version-externally-managed
[2.128s] /home/zeelb/.local/lib/python3.6/site-packages/setuptools/dist.py:726: UserWarning: Usage of dash-separated 'script-dir' will not be supported in future versions. Please use the underscore name 'script_dir' instead
[2.128s]   % (opt, underscore_opt)
[2.176s] running egg_info
[2.177s] creating ../../../../../build/examples_rclpy_minimal_publisher/examples_rclpy_minimal_publisher.egg-info
[2.177s] writing ../../../../../build/examples_rclpy_minimal_publisher/examples_rclpy_minimal_publisher.egg-info/PKG-INFO
[2.177s] writing dependency_links to ../../../../../build/examples_rclpy_minimal_publisher/examples_rclpy_minimal_publisher.egg-info/dependency_links.txt
[2.178s] writing entry points to ../../../../../build/examples_rclpy_minimal_publisher/examples_rclpy_minimal_publisher.egg-info/entry_points.txt
[2.178s] writing requirements to ../../../../../build/examples_rclpy_minimal_publisher/examples_rclpy_minimal_publisher.egg-info/requires.txt
[2.179s] writing top-level names to ../../../../../build/examples_rclpy_minimal_publisher/examples_rclpy_minimal_publisher.egg-info/top_level.txt
[2.179s] writing manifest file '../../../../../build/examples_rclpy_minimal_publisher/examples_rclpy_minimal_publisher.egg-info/SOURCES.txt'
[2.182s] reading manifest file '../../../../../build/examples_rclpy_minimal_publisher/examples_rclpy_minimal_publisher.egg-info/SOURCES.txt'
[2.185s] writing manifest file '../../../../../build/examples_rclpy_minimal_publisher/examples_rclpy_minimal_publisher.egg-info/SOURCES.txt'
[2.186s] running build
[2.186s] running build_py
[2.186s] creating /home/zeelb/autonomous-exploration/ros2_ws/build/examples_rclpy_minimal_publisher/build
[2.186s] creating /home/zeelb/autonomous-exploration/ros2_ws/build/examples_rclpy_minimal_publisher/build/lib
[2.187s] creating /home/zeelb/autonomous-exploration/ros2_ws/build/examples_rclpy_minimal_publisher/build/lib/examples_rclpy_minimal_publisher
[2.187s] copying examples_rclpy_minimal_publisher/publisher_old_school.py -> /home/zeelb/autonomous-exploration/ros2_ws/build/examples_rclpy_minimal_publisher/build/lib/examples_rclpy_minimal_publisher
[2.187s] copying examples_rclpy_minimal_publisher/publisher_member_function.py -> /home/zeelb/autonomous-exploration/ros2_ws/build/examples_rclpy_minimal_publisher/build/lib/examples_rclpy_minimal_publisher
[2.187s] copying examples_rclpy_minimal_publisher/__init__.py -> /home/zeelb/autonomous-exploration/ros2_ws/build/examples_rclpy_minimal_publisher/build/lib/examples_rclpy_minimal_publisher
[2.188s] copying examples_rclpy_minimal_publisher/publisher_local_function.py -> /home/zeelb/autonomous-exploration/ros2_ws/build/examples_rclpy_minimal_publisher/build/lib/examples_rclpy_minimal_publisher
[2.188s] running install
[2.188s] /home/zeelb/.local/lib/python3.6/site-packages/setuptools/command/install.py:37: SetuptoolsDeprecationWarning: setup.py install is deprecated. Use build and pip and other standards-based tools.
[2.188s]   setuptools.SetuptoolsDeprecationWarning,
[2.190s] running install_lib
[2.190s] creating /home/zeelb/autonomous-exploration/ros2_ws/install/examples_rclpy_minimal_publisher/lib/python3.6/site-packages/examples_rclpy_minimal_publisher
[2.190s] copying /home/zeelb/autonomous-exploration/ros2_ws/build/examples_rclpy_minimal_publisher/build/lib/examples_rclpy_minimal_publisher/publisher_old_school.py -> /home/zeelb/autonomous-exploration/ros2_ws/install/examples_rclpy_minimal_publisher/lib/python3.6/site-packages/examples_rclpy_minimal_publisher
[2.191s] copying /home/zeelb/autonomous-exploration/ros2_ws/build/examples_rclpy_minimal_publisher/build/lib/examples_rclpy_minimal_publisher/publisher_member_function.py -> /home/zeelb/autonomous-exploration/ros2_ws/install/examples_rclpy_minimal_publisher/lib/python3.6/site-packages/examples_rclpy_minimal_publisher
[2.191s] copying /home/zeelb/autonomous-exploration/ros2_ws/build/examples_rclpy_minimal_publisher/build/lib/examples_rclpy_minimal_publisher/__init__.py -> /home/zeelb/autonomous-exploration/ros2_ws/install/examples_rclpy_minimal_publisher/lib/python3.6/site-packages/examples_rclpy_minimal_publisher
[2.191s] copying /home/zeelb/autonomous-exploration/ros2_ws/build/examples_rclpy_minimal_publisher/build/lib/examples_rclpy_minimal_publisher/publisher_local_function.py -> /home/zeelb/autonomous-exploration/ros2_ws/install/examples_rclpy_minimal_publisher/lib/python3.6/site-packages/examples_rclpy_minimal_publisher
[2.191s] byte-compiling /home/zeelb/autonomous-exploration/ros2_ws/install/examples_rclpy_minimal_publisher/lib/python3.6/site-packages/examples_rclpy_minimal_publisher/publisher_old_school.py to publisher_old_school.cpython-36.pyc
[2.192s] byte-compiling /home/zeelb/autonomous-exploration/ros2_ws/install/examples_rclpy_minimal_publisher/lib/python3.6/site-packages/examples_rclpy_minimal_publisher/publisher_member_function.py to publisher_member_function.cpython-36.pyc
[2.192s] byte-compiling /home/zeelb/autonomous-exploration/ros2_ws/install/examples_rclpy_minimal_publisher/lib/python3.6/site-packages/examples_rclpy_minimal_publisher/__init__.py to __init__.cpython-36.pyc
[2.192s] byte-compiling /home/zeelb/autonomous-exploration/ros2_ws/install/examples_rclpy_minimal_publisher/lib/python3.6/site-packages/examples_rclpy_minimal_publisher/publisher_local_function.py to publisher_local_function.cpython-36.pyc
[2.193s] running install_data
[2.193s] creating /home/zeelb/autonomous-exploration/ros2_ws/install/examples_rclpy_minimal_publisher/share/ament_index
[2.193s] creating /home/zeelb/autonomous-exploration/ros2_ws/install/examples_rclpy_minimal_publisher/share/ament_index/resource_index
[2.193s] creating /home/zeelb/autonomous-exploration/ros2_ws/install/examples_rclpy_minimal_publisher/share/ament_index/resource_index/packages
[2.193s] copying resource/examples_rclpy_minimal_publisher -> /home/zeelb/autonomous-exploration/ros2_ws/install/examples_rclpy_minimal_publisher/share/ament_index/resource_index/packages
[2.193s] copying package.xml -> /home/zeelb/autonomous-exploration/ros2_ws/install/examples_rclpy_minimal_publisher/share/examples_rclpy_minimal_publisher
[2.194s] running install_egg_info
[2.195s] Copying ../../../../../build/examples_rclpy_minimal_publisher/examples_rclpy_minimal_publisher.egg-info to /home/zeelb/autonomous-exploration/ros2_ws/install/examples_rclpy_minimal_publisher/lib/python3.6/site-packages/examples_rclpy_minimal_publisher-0.9.4-py3.6.egg-info
[2.195s] running install_scripts
[2.216s] Installing publisher_local_function script to /home/zeelb/autonomous-exploration/ros2_ws/install/examples_rclpy_minimal_publisher/lib/examples_rclpy_minimal_publisher
[2.217s] Installing publisher_member_function script to /home/zeelb/autonomous-exploration/ros2_ws/install/examples_rclpy_minimal_publisher/lib/examples_rclpy_minimal_publisher
[2.217s] Installing publisher_old_school script to /home/zeelb/autonomous-exploration/ros2_ws/install/examples_rclpy_minimal_publisher/lib/examples_rclpy_minimal_publisher
[2.217s] writing list of installed files to '/home/zeelb/autonomous-exploration/ros2_ws/build/examples_rclpy_minimal_publisher/install.log'
[2.260s] Invoked command in '/home/zeelb/autonomous-exploration/ros2_ws/src/examples/rclpy/topics/minimal_publisher' returned '0': PYTHONPATH=/home/zeelb/autonomous-exploration/ros2_ws/build/examples_rclpy_minimal_publisher/prefix_override:/home/zeelb/autonomous-exploration/ros2_ws/install/examples_rclpy_minimal_publisher/lib/python3.6/site-packages:${PYTHONPATH} /usr/bin/python3 setup.py egg_info --egg-base ../../../../../build/examples_rclpy_minimal_publisher build --build-base /home/zeelb/autonomous-exploration/ros2_ws/build/examples_rclpy_minimal_publisher/build install --record /home/zeelb/autonomous-exploration/ros2_ws/build/examples_rclpy_minimal_publisher/install.log --install-scripts $base/lib/examples_rclpy_minimal_publisher --single-version-externally-managed
