/home/zeelb/.local/lib/python3.6/site-packages/setuptools/dist.py:726: UserWarning: Usage of dash-separated 'script-dir' will not be supported in future versions. Please use the underscore name 'script_dir' instead
  % (opt, underscore_opt)
running egg_info
creating ../../../../../build/examples_rclpy_minimal_client/examples_rclpy_minimal_client.egg-info
writing ../../../../../build/examples_rclpy_minimal_client/examples_rclpy_minimal_client.egg-info/PKG-INFO
writing dependency_links to ../../../../../build/examples_rclpy_minimal_client/examples_rclpy_minimal_client.egg-info/dependency_links.txt
writing entry points to ../../../../../build/examples_rclpy_minimal_client/examples_rclpy_minimal_client.egg-info/entry_points.txt
writing requirements to ../../../../../build/examples_rclpy_minimal_client/examples_rclpy_minimal_client.egg-info/requires.txt
writing top-level names to ../../../../../build/examples_rclpy_minimal_client/examples_rclpy_minimal_client.egg-info/top_level.txt
writing manifest file '../../../../../build/examples_rclpy_minimal_client/examples_rclpy_minimal_client.egg-info/SOURCES.txt'
reading manifest file '../../../../../build/examples_rclpy_minimal_client/examples_rclpy_minimal_client.egg-info/SOURCES.txt'
writing manifest file '../../../../../build/examples_rclpy_minimal_client/examples_rclpy_minimal_client.egg-info/SOURCES.txt'
running build
running build_py
creating /home/zeelb/autonomous-exploration/ros2_ws/build/examples_rclpy_minimal_client/build
creating /home/zeelb/autonomous-exploration/ros2_ws/build/examples_rclpy_minimal_client/build/lib
creating /home/zeelb/autonomous-exploration/ros2_ws/build/examples_rclpy_minimal_client/build/lib/examples_rclpy_minimal_client
copying examples_rclpy_minimal_client/client_async_callback.py -> /home/zeelb/autonomous-exploration/ros2_ws/build/examples_rclpy_minimal_client/build/lib/examples_rclpy_minimal_client
copying examples_rclpy_minimal_client/client.py -> /home/zeelb/autonomous-exploration/ros2_ws/build/examples_rclpy_minimal_client/build/lib/examples_rclpy_minimal_client
copying examples_rclpy_minimal_client/client_async.py -> /home/zeelb/autonomous-exploration/ros2_ws/build/examples_rclpy_minimal_client/build/lib/examples_rclpy_minimal_client
copying examples_rclpy_minimal_client/client_async_member_function.py -> /home/zeelb/autonomous-exploration/ros2_ws/build/examples_rclpy_minimal_client/build/lib/examples_rclpy_minimal_client
copying examples_rclpy_minimal_client/__init__.py -> /home/zeelb/autonomous-exploration/ros2_ws/build/examples_rclpy_minimal_client/build/lib/examples_rclpy_minimal_client
running install
/home/zeelb/.local/lib/python3.6/site-packages/setuptools/command/install.py:37: SetuptoolsDeprecationWarning: setup.py install is deprecated. Use build and pip and other standards-based tools.
  setuptools.SetuptoolsDeprecationWarning,
running install_lib
creating /home/zeelb/autonomous-exploration/ros2_ws/install/examples_rclpy_minimal_client/lib/python3.6/site-packages/examples_rclpy_minimal_client
copying /home/zeelb/autonomous-exploration/ros2_ws/build/examples_rclpy_minimal_client/build/lib/examples_rclpy_minimal_client/client_async_callback.py -> /home/zeelb/autonomous-exploration/ros2_ws/install/examples_rclpy_minimal_client/lib/python3.6/site-packages/examples_rclpy_minimal_client
copying /home/zeelb/autonomous-exploration/ros2_ws/build/examples_rclpy_minimal_client/build/lib/examples_rclpy_minimal_client/client.py -> /home/zeelb/autonomous-exploration/ros2_ws/install/examples_rclpy_minimal_client/lib/python3.6/site-packages/examples_rclpy_minimal_client
copying /home/zeelb/autonomous-exploration/ros2_ws/build/examples_rclpy_minimal_client/build/lib/examples_rclpy_minimal_client/client_async.py -> /home/zeelb/autonomous-exploration/ros2_ws/install/examples_rclpy_minimal_client/lib/python3.6/site-packages/examples_rclpy_minimal_client
copying /home/zeelb/autonomous-exploration/ros2_ws/build/examples_rclpy_minimal_client/build/lib/examples_rclpy_minimal_client/client_async_member_function.py -> /home/zeelb/autonomous-exploration/ros2_ws/install/examples_rclpy_minimal_client/lib/python3.6/site-packages/examples_rclpy_minimal_client
copying /home/zeelb/autonomous-exploration/ros2_ws/build/examples_rclpy_minimal_client/build/lib/examples_rclpy_minimal_client/__init__.py -> /home/zeelb/autonomous-exploration/ros2_ws/install/examples_rclpy_minimal_client/lib/python3.6/site-packages/examples_rclpy_minimal_client
byte-compiling /home/zeelb/autonomous-exploration/ros2_ws/install/examples_rclpy_minimal_client/lib/python3.6/site-packages/examples_rclpy_minimal_client/client_async_callback.py to client_async_callback.cpython-36.pyc
byte-compiling /home/zeelb/autonomous-exploration/ros2_ws/install/examples_rclpy_minimal_client/lib/python3.6/site-packages/examples_rclpy_minimal_client/client.py to client.cpython-36.pyc
byte-compiling /home/zeelb/autonomous-exploration/ros2_ws/install/examples_rclpy_minimal_client/lib/python3.6/site-packages/examples_rclpy_minimal_client/client_async.py to client_async.cpython-36.pyc
byte-compiling /home/zeelb/autonomous-exploration/ros2_ws/install/examples_rclpy_minimal_client/lib/python3.6/site-packages/examples_rclpy_minimal_client/client_async_member_function.py to client_async_member_function.cpython-36.pyc
byte-compiling /home/zeelb/autonomous-exploration/ros2_ws/install/examples_rclpy_minimal_client/lib/python3.6/site-packages/examples_rclpy_minimal_client/__init__.py to __init__.cpython-36.pyc
running install_data
creating /home/zeelb/autonomous-exploration/ros2_ws/install/examples_rclpy_minimal_client/share/ament_index
creating /home/zeelb/autonomous-exploration/ros2_ws/install/examples_rclpy_minimal_client/share/ament_index/resource_index
creating /home/zeelb/autonomous-exploration/ros2_ws/install/examples_rclpy_minimal_client/share/ament_index/resource_index/packages
copying resource/examples_rclpy_minimal_client -> /home/zeelb/autonomous-exploration/ros2_ws/install/examples_rclpy_minimal_client/share/ament_index/resource_index/packages
copying package.xml -> /home/zeelb/autonomous-exploration/ros2_ws/install/examples_rclpy_minimal_client/share/examples_rclpy_minimal_client
running install_egg_info
Copying ../../../../../build/examples_rclpy_minimal_client/examples_rclpy_minimal_client.egg-info to /home/zeelb/autonomous-exploration/ros2_ws/install/examples_rclpy_minimal_client/lib/python3.6/site-packages/examples_rclpy_minimal_client-0.9.4-py3.6.egg-info
running install_scripts
Installing client script to /home/zeelb/autonomous-exploration/ros2_ws/install/examples_rclpy_minimal_client/lib/examples_rclpy_minimal_client
Installing client_async script to /home/zeelb/autonomous-exploration/ros2_ws/install/examples_rclpy_minimal_client/lib/examples_rclpy_minimal_client
Installing client_async_callback script to /home/zeelb/autonomous-exploration/ros2_ws/install/examples_rclpy_minimal_client/lib/examples_rclpy_minimal_client
Installing client_async_member_function script to /home/zeelb/autonomous-exploration/ros2_ws/install/examples_rclpy_minimal_client/lib/examples_rclpy_minimal_client
writing list of installed files to '/home/zeelb/autonomous-exploration/ros2_ws/build/examples_rclpy_minimal_client/install.log'
