[2.105s] Invoking command in '/home/zeelb/autonomous-exploration/ros2_ws/src/examples/rclpy/services/minimal_client': PYTHONPATH=/home/zeelb/autonomous-exploration/ros2_ws/build/examples_rclpy_minimal_client/prefix_override:/home/zeelb/autonomous-exploration/ros2_ws/install/examples_rclpy_minimal_client/lib/python3.6/site-packages:${PYTHONPATH} /usr/bin/python3 setup.py egg_info --egg-base ../../../../../build/examples_rclpy_minimal_client build --build-base /home/zeelb/autonomous-exploration/ros2_ws/build/examples_rclpy_minimal_client/build install --record /home/zeelb/autonomous-exploration/ros2_ws/build/examples_rclpy_minimal_client/install.log --install-scripts $base/lib/examples_rclpy_minimal_client --single-version-externally-managed
[2.365s] /home/zeelb/.local/lib/python3.6/site-packages/setuptools/dist.py:726: UserWarning: Usage of dash-separated 'script-dir' will not be supported in future versions. Please use the underscore name 'script_dir' instead
[2.365s]   % (opt, underscore_opt)
[2.389s] running egg_info
[2.389s] creating ../../../../../build/examples_rclpy_minimal_client/examples_rclpy_minimal_client.egg-info
[2.389s] writing ../../../../../build/examples_rclpy_minimal_client/examples_rclpy_minimal_client.egg-info/PKG-INFO
[2.390s] writing dependency_links to ../../../../../build/examples_rclpy_minimal_client/examples_rclpy_minimal_client.egg-info/dependency_links.txt
[2.390s] writing entry points to ../../../../../build/examples_rclpy_minimal_client/examples_rclpy_minimal_client.egg-info/entry_points.txt
[2.390s] writing requirements to ../../../../../build/examples_rclpy_minimal_client/examples_rclpy_minimal_client.egg-info/requires.txt
[2.390s] writing top-level names to ../../../../../build/examples_rclpy_minimal_client/examples_rclpy_minimal_client.egg-info/top_level.txt
[2.390s] writing manifest file '../../../../../build/examples_rclpy_minimal_client/examples_rclpy_minimal_client.egg-info/SOURCES.txt'
[2.391s] reading manifest file '../../../../../build/examples_rclpy_minimal_client/examples_rclpy_minimal_client.egg-info/SOURCES.txt'
[2.392s] writing manifest file '../../../../../build/examples_rclpy_minimal_client/examples_rclpy_minimal_client.egg-info/SOURCES.txt'
[2.392s] running build
[2.393s] running build_py
[2.393s] creating /home/zeelb/autonomous-exploration/ros2_ws/build/examples_rclpy_minimal_client/build
[2.393s] creating /home/zeelb/autonomous-exploration/ros2_ws/build/examples_rclpy_minimal_client/build/lib
[2.393s] creating /home/zeelb/autonomous-exploration/ros2_ws/build/examples_rclpy_minimal_client/build/lib/examples_rclpy_minimal_client
[2.393s] copying examples_rclpy_minimal_client/client_async_callback.py -> /home/zeelb/autonomous-exploration/ros2_ws/build/examples_rclpy_minimal_client/build/lib/examples_rclpy_minimal_client
[2.393s] copying examples_rclpy_minimal_client/client.py -> /home/zeelb/autonomous-exploration/ros2_ws/build/examples_rclpy_minimal_client/build/lib/examples_rclpy_minimal_client
[2.393s] copying examples_rclpy_minimal_client/client_async.py -> /home/zeelb/autonomous-exploration/ros2_ws/build/examples_rclpy_minimal_client/build/lib/examples_rclpy_minimal_client
[2.393s] copying examples_rclpy_minimal_client/client_async_member_function.py -> /home/zeelb/autonomous-exploration/ros2_ws/build/examples_rclpy_minimal_client/build/lib/examples_rclpy_minimal_client
[2.394s] copying examples_rclpy_minimal_client/__init__.py -> /home/zeelb/autonomous-exploration/ros2_ws/build/examples_rclpy_minimal_client/build/lib/examples_rclpy_minimal_client
[2.394s] running install
[2.394s] /home/zeelb/.local/lib/python3.6/site-packages/setuptools/command/install.py:37: SetuptoolsDeprecationWarning: setup.py install is deprecated. Use build and pip and other standards-based tools.
[2.394s]   setuptools.SetuptoolsDeprecationWarning,
[2.394s] running install_lib
[2.394s] creating /home/zeelb/autonomous-exploration/ros2_ws/install/examples_rclpy_minimal_client/lib/python3.6/site-packages/examples_rclpy_minimal_client
[2.394s] copying /home/zeelb/autonomous-exploration/ros2_ws/build/examples_rclpy_minimal_client/build/lib/examples_rclpy_minimal_client/client_async_callback.py -> /home/zeelb/autonomous-exploration/ros2_ws/install/examples_rclpy_minimal_client/lib/python3.6/site-packages/examples_rclpy_minimal_client
[2.394s] copying /home/zeelb/autonomous-exploration/ros2_ws/build/examples_rclpy_minimal_client/build/lib/examples_rclpy_minimal_client/client.py -> /home/zeelb/autonomous-exploration/ros2_ws/install/examples_rclpy_minimal_client/lib/python3.6/site-packages/examples_rclpy_minimal_client
[2.395s] copying /home/zeelb/autonomous-exploration/ros2_ws/build/examples_rclpy_minimal_client/build/lib/examples_rclpy_minimal_client/client_async.py -> /home/zeelb/autonomous-exploration/ros2_ws/install/examples_rclpy_minimal_client/lib/python3.6/site-packages/examples_rclpy_minimal_client
[2.395s] copying /home/zeelb/autonomous-exploration/ros2_ws/build/examples_rclpy_minimal_client/build/lib/examples_rclpy_minimal_client/client_async_member_function.py -> /home/zeelb/autonomous-exploration/ros2_ws/install/examples_rclpy_minimal_client/lib/python3.6/site-packages/examples_rclpy_minimal_client
[2.395s] copying /home/zeelb/autonomous-exploration/ros2_ws/build/examples_rclpy_minimal_client/build/lib/examples_rclpy_minimal_client/__init__.py -> /home/zeelb/autonomous-exploration/ros2_ws/install/examples_rclpy_minimal_client/lib/python3.6/site-packages/examples_rclpy_minimal_client
[2.395s] byte-compiling /home/zeelb/autonomous-exploration/ros2_ws/install/examples_rclpy_minimal_client/lib/python3.6/site-packages/examples_rclpy_minimal_client/client_async_callback.py to client_async_callback.cpython-36.pyc
[2.395s] byte-compiling /home/zeelb/autonomous-exploration/ros2_ws/install/examples_rclpy_minimal_client/lib/python3.6/site-packages/examples_rclpy_minimal_client/client.py to client.cpython-36.pyc
[2.395s] byte-compiling /home/zeelb/autonomous-exploration/ros2_ws/install/examples_rclpy_minimal_client/lib/python3.6/site-packages/examples_rclpy_minimal_client/client_async.py to client_async.cpython-36.pyc
[2.396s] byte-compiling /home/zeelb/autonomous-exploration/ros2_ws/install/examples_rclpy_minimal_client/lib/python3.6/site-packages/examples_rclpy_minimal_client/client_async_member_function.py to client_async_member_function.cpython-36.pyc
[2.396s] byte-compiling /home/zeelb/autonomous-exploration/ros2_ws/install/examples_rclpy_minimal_client/lib/python3.6/site-packages/examples_rclpy_minimal_client/__init__.py to __init__.cpython-36.pyc
[2.396s] running install_data
[2.396s] creating /home/zeelb/autonomous-exploration/ros2_ws/install/examples_rclpy_minimal_client/share/ament_index
[2.397s] creating /home/zeelb/autonomous-exploration/ros2_ws/install/examples_rclpy_minimal_client/share/ament_index/resource_index
[2.397s] creating /home/zeelb/autonomous-exploration/ros2_ws/install/examples_rclpy_minimal_client/share/ament_index/resource_index/packages
[2.397s] copying resource/examples_rclpy_minimal_client -> /home/zeelb/autonomous-exploration/ros2_ws/install/examples_rclpy_minimal_client/share/ament_index/resource_index/packages
[2.397s] copying package.xml -> /home/zeelb/autonomous-exploration/ros2_ws/install/examples_rclpy_minimal_client/share/examples_rclpy_minimal_client
[2.397s] running install_egg_info
[2.398s] Copying ../../../../../build/examples_rclpy_minimal_client/examples_rclpy_minimal_client.egg-info to /home/zeelb/autonomous-exploration/ros2_ws/install/examples_rclpy_minimal_client/lib/python3.6/site-packages/examples_rclpy_minimal_client-0.9.4-py3.6.egg-info
[2.399s] running install_scripts
[2.412s] Installing client script to /home/zeelb/autonomous-exploration/ros2_ws/install/examples_rclpy_minimal_client/lib/examples_rclpy_minimal_client
[2.412s] Installing client_async script to /home/zeelb/autonomous-exploration/ros2_ws/install/examples_rclpy_minimal_client/lib/examples_rclpy_minimal_client
[2.412s] Installing client_async_callback script to /home/zeelb/autonomous-exploration/ros2_ws/install/examples_rclpy_minimal_client/lib/examples_rclpy_minimal_client
[2.413s] Installing client_async_member_function script to /home/zeelb/autonomous-exploration/ros2_ws/install/examples_rclpy_minimal_client/lib/examples_rclpy_minimal_client
[2.413s] writing list of installed files to '/home/zeelb/autonomous-exploration/ros2_ws/build/examples_rclpy_minimal_client/install.log'
[2.436s] Invoked command in '/home/zeelb/autonomous-exploration/ros2_ws/src/examples/rclpy/services/minimal_client' returned '0': PYTHONPATH=/home/zeelb/autonomous-exploration/ros2_ws/build/examples_rclpy_minimal_client/prefix_override:/home/zeelb/autonomous-exploration/ros2_ws/install/examples_rclpy_minimal_client/lib/python3.6/site-packages:${PYTHONPATH} /usr/bin/python3 setup.py egg_info --egg-base ../../../../../build/examples_rclpy_minimal_client build --build-base /home/zeelb/autonomous-exploration/ros2_ws/build/examples_rclpy_minimal_client/build install --record /home/zeelb/autonomous-exploration/ros2_ws/build/examples_rclpy_minimal_client/install.log --install-scripts $base/lib/examples_rclpy_minimal_client --single-version-externally-managed
