[0.070s] Invoking command in '/home/zeelb/autonomous-exploration/ros2_ws/build/examples_rclcpp_minimal_timer': CMAKE_PREFIX_PATH=/opt/ros/dashing /usr/bin/cmake /home/zeelb/autonomous-exploration/ros2_ws/src/examples/rclcpp/timers/minimal_timer -DAMENT_CMAKE_SYMLINK_INSTALL=1 -DCMAKE_INSTALL_PREFIX=/home/zeelb/autonomous-exploration/ros2_ws/install/examples_rclcpp_minimal_timer
[1.378s] -- The C compiler identification is GNU 7.5.0
[1.378s] -- The CXX compiler identification is GNU 7.5.0
[1.380s] -- Check for working C compiler: /usr/bin/cc
[1.380s] -- Check for working C compiler: /usr/bin/cc -- works
[1.380s] -- Detecting C compiler ABI info
[1.380s] -- Detecting C compiler ABI info - done
[1.380s] -- Detecting C compile features
[1.381s] -- Detecting C compile features - done
[1.381s] -- Check for working CXX compiler: /usr/bin/c++
[1.381s] -- Check for working CXX compiler: /usr/bin/c++ -- works
[1.381s] -- Detecting CXX compiler ABI info
[1.381s] -- Detecting CXX compiler ABI info - done
[1.381s] -- Detecting CXX compile features
[1.415s] -- Detecting CXX compile features - done
[1.418s] -- Found ament_cmake: 0.7.6 (/opt/ros/dashing/share/ament_cmake/cmake)
[1.458s] -- Found PythonInterp: /usr/bin/python3 (found suitable version "3.6.9", minimum required is "3") 
[1.458s] -- Using PYTHON_EXECUTABLE: /usr/bin/python3
[1.813s] -- Override CMake install command with custom implementation using symlinks instead of copying resources
[1.832s] -- Found rclcpp: 0.7.16 (/opt/ros/dashing/share/rclcpp/cmake)
[1.857s] -- Found rosidl_adapter: 0.7.10 (/opt/ros/dashing/share/rosidl_adapter/cmake)
[1.920s] -- Found rmw_implementation_cmake: 0.7.2 (/opt/ros/dashing/share/rmw_implementation_cmake/cmake)
[1.921s] -- Using RMW implementation 'rmw_fastrtps_cpp' as default
[1.922s] -- Looking for pthread.h
[2.046s] -- Looking for pthread.h - found
[2.046s] -- Looking for pthread_create
[2.162s] -- Looking for pthread_create - not found
[2.166s] -- Looking for pthread_create in pthreads
[2.249s] -- Looking for pthread_create in pthreads - not found
[2.250s] -- Looking for pthread_create in pthread
[2.352s] -- Looking for pthread_create in pthread - found
[2.354s] -- Found Threads: TRUE  
[2.425s] -- Found ament_lint_auto: 0.7.12 (/opt/ros/dashing/share/ament_lint_auto/cmake)
[2.606s] -- Added test 'copyright' to check for copyright in CMake / C / C++ / Python code
[2.609s] -- Added test 'cppcheck' to perform static code analysis on C / C++ code
[2.610s] -- Configured cppcheck include dirs: 
[2.611s] -- Added test 'cpplint' to check C / C++ code against the Google style
[2.613s] -- Added test 'lint_cmake' to check CMake code style
[2.615s] -- Added test 'uncrustify' to check C / C++ code style
[2.615s] -- Added test 'xmllint' to check XML markup files
[2.620s] -- Configuring done
[2.654s] -- Generating done
[2.657s] -- Build files have been written to: /home/zeelb/autonomous-exploration/ros2_ws/build/examples_rclcpp_minimal_timer
[2.677s] Invoked command in '/home/zeelb/autonomous-exploration/ros2_ws/build/examples_rclcpp_minimal_timer' returned '0': CMAKE_PREFIX_PATH=/opt/ros/dashing /usr/bin/cmake /home/zeelb/autonomous-exploration/ros2_ws/src/examples/rclcpp/timers/minimal_timer -DAMENT_CMAKE_SYMLINK_INSTALL=1 -DCMAKE_INSTALL_PREFIX=/home/zeelb/autonomous-exploration/ros2_ws/install/examples_rclcpp_minimal_timer
[2.681s] Invoking command in '/home/zeelb/autonomous-exploration/ros2_ws/build/examples_rclcpp_minimal_timer': CMAKE_PREFIX_PATH=/opt/ros/dashing /usr/bin/cmake --build /home/zeelb/autonomous-exploration/ros2_ws/build/examples_rclcpp_minimal_timer -- -j12 -l12
[2.764s] [35m[1mScanning dependencies of target timer_lambda[0m
[2.771s] [35m[1mScanning dependencies of target timer_member_function[0m
[2.828s] [ 25%] [32mBuilding CXX object CMakeFiles/timer_member_function.dir/member_function.cpp.o[0m
[2.863s] [ 50%] [32mBuilding CXX object CMakeFiles/timer_lambda.dir/lambda.cpp.o[0m
[5.118s] [ 75%] [32m[1mLinking CXX executable timer_lambda[0m
[5.131s] [100%] [32m[1mLinking CXX executable timer_member_function[0m
[5.551s] [100%] Built target timer_member_function
[5.582s] [100%] Built target timer_lambda
[5.638s] Invoked command in '/home/zeelb/autonomous-exploration/ros2_ws/build/examples_rclcpp_minimal_timer' returned '0': CMAKE_PREFIX_PATH=/opt/ros/dashing /usr/bin/cmake --build /home/zeelb/autonomous-exploration/ros2_ws/build/examples_rclcpp_minimal_timer -- -j12 -l12
