[0.068s] Invoking command in '/home/zeelb/autonomous-exploration/ros2_ws/build/examples_rclcpp_minimal_publisher': CMAKE_PREFIX_PATH=/opt/ros/dashing /usr/bin/cmake /home/zeelb/autonomous-exploration/ros2_ws/src/examples/rclcpp/topics/minimal_publisher -DCMAKE_INSTALL_PREFIX=/home/zeelb/autonomous-exploration/ros2_ws/install/examples_rclcpp_minimal_publisher
[1.449s] -- The C compiler identification is GNU 7.5.0
[1.449s] -- The CXX compiler identification is GNU 7.5.0
[1.449s] -- Check for working C compiler: /usr/bin/cc
[1.449s] -- Check for working C compiler: /usr/bin/cc -- works
[1.450s] -- Detecting C compiler ABI info
[1.450s] -- Detecting C compiler ABI info - done
[1.450s] -- Detecting C compile features
[1.450s] -- Detecting C compile features - done
[1.450s] -- Check for working CXX compiler: /usr/bin/c++
[1.451s] -- Check for working CXX compiler: /usr/bin/c++ -- works
[1.451s] -- Detecting CXX compiler ABI info
[1.451s] -- Detecting CXX compiler ABI info - done
[1.451s] -- Detecting CXX compile features
[1.451s] -- Detecting CXX compile features - done
[1.452s] -- Found ament_cmake: 0.7.6 (/opt/ros/dashing/share/ament_cmake/cmake)
[1.452s] -- Found PythonInterp: /usr/bin/python3 (found suitable version "3.6.9", minimum required is "3") 
[1.452s] -- Using PYTHON_EXECUTABLE: /usr/bin/python3
[1.750s] -- Found rclcpp: 0.7.16 (/opt/ros/dashing/share/rclcpp/cmake)
[1.778s] -- Found rosidl_adapter: 0.7.10 (/opt/ros/dashing/share/rosidl_adapter/cmake)
[1.840s] -- Found rmw_implementation_cmake: 0.7.2 (/opt/ros/dashing/share/rmw_implementation_cmake/cmake)
[1.842s] -- Using RMW implementation 'rmw_fastrtps_cpp' as default
[1.843s] -- Looking for pthread.h
[1.948s] -- Looking for pthread.h - found
[1.948s] -- Looking for pthread_create
[2.069s] -- Looking for pthread_create - not found
[2.070s] -- Looking for pthread_create in pthreads
[2.162s] -- Looking for pthread_create in pthreads - not found
[2.165s] -- Looking for pthread_create in pthread
[2.273s] -- Looking for pthread_create in pthread - found
[2.274s] -- Found Threads: TRUE  
[2.321s] -- Found std_msgs: 0.7.1 (/opt/ros/dashing/share/std_msgs/cmake)
[2.379s] -- Found ament_lint_auto: 0.7.12 (/opt/ros/dashing/share/ament_lint_auto/cmake)
[2.564s] -- Added test 'copyright' to check for copyright in CMake / C / C++ / Python code
[2.569s] -- Added test 'cppcheck' to perform static code analysis on C / C++ code
[2.569s] -- Configured cppcheck include dirs: 
[2.571s] -- Added test 'cpplint' to check C / C++ code against the Google style
[2.571s] -- Added test 'lint_cmake' to check CMake code style
[2.573s] -- Added test 'uncrustify' to check C / C++ code style
[2.575s] -- Added test 'xmllint' to check XML markup files
[2.578s] -- Configuring done
[2.626s] -- Generating done
[2.626s] -- Build files have been written to: /home/zeelb/autonomous-exploration/ros2_ws/build/examples_rclcpp_minimal_publisher
[2.666s] Invoked command in '/home/zeelb/autonomous-exploration/ros2_ws/build/examples_rclcpp_minimal_publisher' returned '0': CMAKE_PREFIX_PATH=/opt/ros/dashing /usr/bin/cmake /home/zeelb/autonomous-exploration/ros2_ws/src/examples/rclcpp/topics/minimal_publisher -DCMAKE_INSTALL_PREFIX=/home/zeelb/autonomous-exploration/ros2_ws/install/examples_rclcpp_minimal_publisher
[2.668s] Invoking command in '/home/zeelb/autonomous-exploration/ros2_ws/build/examples_rclcpp_minimal_publisher': CMAKE_PREFIX_PATH=/opt/ros/dashing /usr/bin/cmake --build /home/zeelb/autonomous-exploration/ros2_ws/build/examples_rclcpp_minimal_publisher -- -j12 -l12
[2.729s] [35m[1mScanning dependencies of target publisher_lambda[0m
[2.729s] [35m[1mScanning dependencies of target publisher_member_function[0m
[2.731s] [35m[1mScanning dependencies of target publisher_not_composable[0m
[2.779s] [ 16%] [32mBuilding CXX object CMakeFiles/publisher_lambda.dir/lambda.cpp.o[0m
[2.784s] [ 33%] [32mBuilding CXX object CMakeFiles/publisher_not_composable.dir/not_composable.cpp.o[0m
[2.810s] [ 50%] [32mBuilding CXX object CMakeFiles/publisher_member_function.dir/member_function.cpp.o[0m
[6.283s] [ 66%] [32m[1mLinking CXX executable publisher_lambda[0m
[6.548s] [ 83%] [32m[1mLinking CXX executable publisher_not_composable[0m
[6.723s] [100%] [32m[1mLinking CXX executable publisher_member_function[0m
[6.746s] [100%] Built target publisher_lambda
[6.911s] [100%] Built target publisher_not_composable
[7.071s] [100%] Built target publisher_member_function
