[0.069s] Invoking command in '/home/zeelb/autonomous-exploration/ros2_ws/build/examples_rclcpp_minimal_service': CMAKE_PREFIX_PATH=/opt/ros/dashing /usr/bin/cmake --build /home/zeelb/autonomous-exploration/ros2_ws/build/examples_rclcpp_minimal_service -- -j12 -l12
[1.040s] [100%] Built target service_main
[1.053s] Invoked command in '/home/zeelb/autonomous-exploration/ros2_ws/build/examples_rclcpp_minimal_service' returned '0': CMAKE_PREFIX_PATH=/opt/ros/dashing /usr/bin/cmake --build /home/zeelb/autonomous-exploration/ros2_ws/build/examples_rclcpp_minimal_service -- -j12 -l12
[1.119s] Invoking command in '/home/zeelb/autonomous-exploration/ros2_ws/build/examples_rclcpp_minimal_service': CMAKE_PREFIX_PATH=/opt/ros/dashing /usr/bin/cmake --build /home/zeelb/autonomous-exploration/ros2_ws/build/examples_rclcpp_minimal_service --target install -- -j12 -l12
[1.249s] [100%] Built target service_main
[1.351s] [36mInstall the project...[0m
[1.375s] -- Install configuration: ""
[1.376s] -- Execute custom install script
[1.377s] -- Symlinking: /home/zeelb/autonomous-exploration/ros2_ws/install/examples_rclcpp_minimal_service/lib/examples_rclcpp_minimal_service/service_main
[1.394s] -- Symlinking: /home/zeelb/autonomous-exploration/ros2_ws/install/examples_rclcpp_minimal_service/share/ament_index/resource_index/package_run_dependencies/examples_rclcpp_minimal_service
[1.410s] -- Symlinking: /home/zeelb/autonomous-exploration/ros2_ws/install/examples_rclcpp_minimal_service/share/ament_index/resource_index/parent_prefix_path/examples_rclcpp_minimal_service
[1.432s] -- Symlinking: /home/zeelb/autonomous-exploration/ros2_ws/install/examples_rclcpp_minimal_service/share/examples_rclcpp_minimal_service/environment/ament_prefix_path.sh
[1.452s] -- Symlinking: /home/zeelb/autonomous-exploration/ros2_ws/install/examples_rclcpp_minimal_service/share/examples_rclcpp_minimal_service/environment/path.sh
[1.484s] -- Symlinking: /home/zeelb/autonomous-exploration/ros2_ws/install/examples_rclcpp_minimal_service/share/examples_rclcpp_minimal_service/local_setup.bash
[1.517s] -- Symlinking: /home/zeelb/autonomous-exploration/ros2_ws/install/examples_rclcpp_minimal_service/share/examples_rclcpp_minimal_service/local_setup.sh
[1.539s] -- Symlinking: /home/zeelb/autonomous-exploration/ros2_ws/install/examples_rclcpp_minimal_service/share/examples_rclcpp_minimal_service/local_setup.zsh
[1.556s] -- Symlinking: /home/zeelb/autonomous-exploration/ros2_ws/install/examples_rclcpp_minimal_service/share/ament_index/resource_index/packages/examples_rclcpp_minimal_service
[1.571s] -- Symlinking: /home/zeelb/autonomous-exploration/ros2_ws/install/examples_rclcpp_minimal_service/share/examples_rclcpp_minimal_service/cmake/examples_rclcpp_minimal_serviceConfig.cmake
[1.585s] -- Symlinking: /home/zeelb/autonomous-exploration/ros2_ws/install/examples_rclcpp_minimal_service/share/examples_rclcpp_minimal_service/cmake/examples_rclcpp_minimal_serviceConfig-version.cmake
[1.617s] -- Symlinking: /home/zeelb/autonomous-exploration/ros2_ws/install/examples_rclcpp_minimal_service/share/examples_rclcpp_minimal_service/package.xml
