[0.072s] Invoking command in '/home/zeelb/autonomous-exploration/ros2_ws/build/examples_rclcpp_minimal_timer': CMAKE_PREFIX_PATH=/opt/ros/dashing /usr/bin/cmake --build /home/zeelb/autonomous-exploration/ros2_ws/build/examples_rclcpp_minimal_timer -- -j12 -l12
[1.032s] [ 50%] Built target timer_lambda
[1.032s] [100%] Built target timer_member_function
[1.055s] Invoked command in '/home/zeelb/autonomous-exploration/ros2_ws/build/examples_rclcpp_minimal_timer' returned '0': CMAKE_PREFIX_PATH=/opt/ros/dashing /usr/bin/cmake --build /home/zeelb/autonomous-exploration/ros2_ws/build/examples_rclcpp_minimal_timer -- -j12 -l12
[1.143s] Invoking command in '/home/zeelb/autonomous-exploration/ros2_ws/build/examples_rclcpp_minimal_timer': CMAKE_PREFIX_PATH=/opt/ros/dashing /usr/bin/cmake --build /home/zeelb/autonomous-exploration/ros2_ws/build/examples_rclcpp_minimal_timer --target install -- -j12 -l12
[1.312s] [ 50%] Built target timer_member_function
[1.343s] [100%] Built target timer_lambda
[1.398s] [36mInstall the project...[0m
[1.412s] -- Install configuration: ""
[1.413s] -- Execute custom install script
[1.418s] -- Symlinking: /home/zeelb/autonomous-exploration/ros2_ws/install/examples_rclcpp_minimal_timer/lib/examples_rclcpp_minimal_timer/timer_lambda
[1.436s] -- Symlinking: /home/zeelb/autonomous-exploration/ros2_ws/install/examples_rclcpp_minimal_timer/lib/examples_rclcpp_minimal_timer/timer_member_function
[1.460s] -- Symlinking: /home/zeelb/autonomous-exploration/ros2_ws/install/examples_rclcpp_minimal_timer/share/ament_index/resource_index/package_run_dependencies/examples_rclcpp_minimal_timer
[1.476s] -- Symlinking: /home/zeelb/autonomous-exploration/ros2_ws/install/examples_rclcpp_minimal_timer/share/ament_index/resource_index/parent_prefix_path/examples_rclcpp_minimal_timer
[1.490s] -- Symlinking: /home/zeelb/autonomous-exploration/ros2_ws/install/examples_rclcpp_minimal_timer/share/examples_rclcpp_minimal_timer/environment/ament_prefix_path.sh
[1.505s] -- Symlinking: /home/zeelb/autonomous-exploration/ros2_ws/install/examples_rclcpp_minimal_timer/share/examples_rclcpp_minimal_timer/environment/path.sh
[1.518s] -- Symlinking: /home/zeelb/autonomous-exploration/ros2_ws/install/examples_rclcpp_minimal_timer/share/examples_rclcpp_minimal_timer/local_setup.bash
[1.543s] -- Symlinking: /home/zeelb/autonomous-exploration/ros2_ws/install/examples_rclcpp_minimal_timer/share/examples_rclcpp_minimal_timer/local_setup.sh
[1.558s] -- Symlinking: /home/zeelb/autonomous-exploration/ros2_ws/install/examples_rclcpp_minimal_timer/share/examples_rclcpp_minimal_timer/local_setup.zsh
[1.572s] -- Symlinking: /home/zeelb/autonomous-exploration/ros2_ws/install/examples_rclcpp_minimal_timer/share/ament_index/resource_index/packages/examples_rclcpp_minimal_timer
[1.586s] -- Symlinking: /home/zeelb/autonomous-exploration/ros2_ws/install/examples_rclcpp_minimal_timer/share/examples_rclcpp_minimal_timer/cmake/examples_rclcpp_minimal_timerConfig.cmake
[1.607s] -- Symlinking: /home/zeelb/autonomous-exploration/ros2_ws/install/examples_rclcpp_minimal_timer/share/examples_rclcpp_minimal_timer/cmake/examples_rclcpp_minimal_timerConfig-version.cmake
[1.621s] -- Symlinking: /home/zeelb/autonomous-exploration/ros2_ws/install/examples_rclcpp_minimal_timer/share/examples_rclcpp_minimal_timer/package.xml
